#
# There is insufficient memory for the Java Runtime Environment to continue.
# Native memory allocation (malloc) failed to allocate 1516016 bytes for Chunk::new
# Possible reasons:
#   The system is out of physical RAM or swap space
#   The process is running with CompressedOops enabled, and the Java Heap may be blocking the growth of the native heap
# Possible solutions:
#   Reduce memory load on the system
#   Increase physical memory or swap space
#   Check if swap backing store is full
#   Decrease Java heap size (-Xmx/-Xms)
#   Decrease number of Java threads
#   Decrease Java thread stack sizes (-Xss)
#   Set larger code cache with -XX:ReservedCodeCacheSize=
#   JVM is running with Zero Based Compressed Oops mode in which the Java heap is
#     placed in the first 32GB address space. The Java Heap base address is the
#     maximum limit for the native heap growth. Please use -XX:HeapBaseMinAddress
#     to set the Java Heap base and to place the Java Heap above 32GB virtual address.
# This output file may be truncated or incomplete.
#
#  Out of Memory Error (./src/hotspot/share/memory/arena.cpp:197), pid=19556, tid=15364
#
# JRE version: OpenJDK Runtime Environment (11.0.10) (build 11.0.10+0-b96-7249189)
# Java VM: OpenJDK 64-Bit Server VM (11.0.10+0-b96-7249189, mixed mode, tiered, compressed oops, g1 gc, windows-amd64)
# No core dump will be written. Minidumps are not enabled by default on client versions of Windows
#

---------------  S U M M A R Y ------------

Command Line: --add-opens=java.base/java.util=ALL-UNNAMED --add-opens=java.base/java.lang=ALL-UNNAMED --add-opens=java.base/java.lang.invoke=ALL-UNNAMED --add-opens=java.base/java.util=ALL-UNNAMED --add-opens=java.prefs/java.util.prefs=ALL-UNNAMED --add-opens=java.prefs/java.util.prefs=ALL-UNNAMED --add-opens=java.base/java.nio.charset=ALL-UNNAMED --add-opens=java.base/java.net=ALL-UNNAMED --add-opens=java.base/java.util.concurrent.atomic=ALL-UNNAMED -Xmx2048m -Dfile.encoding=UTF-8 -Duser.country=ES -Duser.language=es -Duser.variant -Xmx10024M org.gradle.launcher.daemon.bootstrap.GradleDaemon 7.0.2

Host: Intel(R) Core(TM) i7-9750H CPU @ 2.60GHz, 12 cores, 15G,  Windows 10 , 64 bit Build 22000 (10.0.22000.1219)
Time: Fri Nov 18 13:24:23 2022 Hora estándar romance elapsed time: 5331.148976 seconds (0d 1h 28m 51s)

---------------  T H R E A D  ---------------

Current thread (0x000001e2bead8000):  JavaThread "C2 CompilerThread2" daemon [_thread_in_native, id=15364, stack(0x0000004a8f200000,0x0000004a8f300000)]


Current CompileTask:
C2:5331149 32488       4       com.android.tools.r8.internal.UC::b (268 bytes)

Stack: [0x0000004a8f200000,0x0000004a8f300000]
Native frames: (J=compiled Java code, j=interpreted, Vv=VM code, C=native code)
V  [jvm.dll+0x5ecfaa]
V  [jvm.dll+0x722bd5]
V  [jvm.dll+0x72412d]
V  [jvm.dll+0x7247e3]
V  [jvm.dll+0x242928]
V  [jvm.dll+0xbc4fc]
V  [jvm.dll+0xbca0c]
V  [jvm.dll+0x352d3b]
V  [jvm.dll+0x320ad3]
V  [jvm.dll+0x31ffca]
V  [jvm.dll+0x1fb602]
V  [jvm.dll+0x1fa7f4]
V  [jvm.dll+0x18354c]
V  [jvm.dll+0x208ee7]
V  [jvm.dll+0x207731]
V  [jvm.dll+0x6eb1cf]
V  [jvm.dll+0x6e3d45]
V  [jvm.dll+0x5ebe96]
C  [ucrtbase.dll+0x26c0c]
C  [KERNEL32.DLL+0x15550]
C  [ntdll.dll+0x485b]


---------------  P R O C E S S  ---------------

Threads class SMR info:
_java_thread_list=0x000001e2c57c75e0, length=104, elements={
0x000001e28afa0800, 0x000001e2b8a85000, 0x000001e2b8ad2000, 0x000001e2b80e7800,
0x000001e2b8ab8000, 0x000001e2b8ab9000, 0x000001e2b8b16800, 0x000001e2b8b1b800,
0x000001e2b8b20800, 0x000001e2b8c7f000, 0x000001e2bb05c800, 0x000001e2b8d72000,
0x000001e2b8d7a800, 0x000001e2baa64000, 0x000001e2baa61800, 0x000001e2baa62800,
0x000001e2baa65000, 0x000001e2baa5f800, 0x000001e2bc5ca800, 0x000001e2bc5ca000,
0x000001e2bc5cc800, 0x000001e2bc5ce000, 0x000001e2be2cd000, 0x000001e2be2d4000,
0x000001e2be2d0000, 0x000001e2be2d7800, 0x000001e2be2d6800, 0x000001e2be2d2800,
0x000001e2bdfed000, 0x000001e2bdfe9000, 0x000001e2bdfeb800, 0x000001e2bdfea800,
0x000001e2bdfe8000, 0x000001e2bead5800, 0x000001e2bc5cd000, 0x000001e2beacf000,
0x000001e2bead4000, 0x000001e2bdfe7800, 0x000001e2bdff0800, 0x000001e2bdfec000,
0x000001e2bdff2000, 0x000001e2bdfee800, 0x000001e2bdff3800, 0x000001e2bdfee000,
0x000001e2bdff4800, 0x000001e2bdff5000, 0x000001e2bdfef800, 0x000001e2bdff6000,
0x000001e2bead0800, 0x000001e2bead3000, 0x000001e2bead4800, 0x000001e2beacf800,
0x000001e2bead6000, 0x000001e2bead2000, 0x000001e2bead7000, 0x000001e2bead1800,
0x000001e2beadc000, 0x000001e2beadd000, 0x000001e2beadb000, 0x000001e2beadd800,
0x000001e2bead8800, 0x000001e2bead8000, 0x000001e2bead9800, 0x000001e2beada800,
0x000001e2be2cd800, 0x000001e2be2ca800, 0x000001e2be2ce800, 0x000001e2be2cf800,
0x000001e2be2c9800, 0x000001e2be2cb000, 0x000001e2be2d1000, 0x000001e2be2d1800,
0x000001e2be2cc000, 0x000001e2be2d3800, 0x000001e2be2d5000, 0x000001e2be2d6000,
0x000001e2baa63800, 0x000001e2baa66000, 0x000001e2baa60000, 0x000001e2bc5d0800,
0x000001e2c5342000, 0x000001e2c5346000, 0x000001e2c5345800, 0x000001e2c5343800,
0x000001e2c5347000, 0x000001e2c5341800, 0x000001e2c5348000, 0x000001e2c5348800,
0x000001e2c5343000, 0x000001e2c5349800, 0x000001e2c534a000, 0x000001e2c534c800,
0x000001e2c534b000, 0x000001e2c534c000, 0x000001e2c534d800, 0x000001e2c534e800,
0x000001e2c534f000, 0x000001e2c5350000, 0x000001e2baa61000, 0x000001e2cd5bd000,
0x000001e2cd5bf800, 0x000001e2cd5c1000, 0x000001e2cd5bc800, 0x000001e2cd5bb800
}

Java Threads: ( => current thread )
  0x000001e28afa0800 JavaThread "main" [_thread_blocked, id=10944, stack(0x0000004a8b200000,0x0000004a8b300000)]
  0x000001e2b8a85000 JavaThread "Reference Handler" daemon [_thread_blocked, id=10272, stack(0x0000004a8b900000,0x0000004a8ba00000)]
  0x000001e2b8ad2000 JavaThread "Finalizer" daemon [_thread_blocked, id=20680, stack(0x0000004a8ba00000,0x0000004a8bb00000)]
  0x000001e2b80e7800 JavaThread "Signal Dispatcher" daemon [_thread_blocked, id=10344, stack(0x0000004a8bb00000,0x0000004a8bc00000)]
  0x000001e2b8ab8000 JavaThread "Attach Listener" daemon [_thread_blocked, id=12004, stack(0x0000004a8bc00000,0x0000004a8bd00000)]
  0x000001e2b8ab9000 JavaThread "Service Thread" daemon [_thread_blocked, id=9332, stack(0x0000004a8bd00000,0x0000004a8be00000)]
  0x000001e2b8b16800 JavaThread "C2 CompilerThread0" daemon [_thread_in_native, id=15324, stack(0x0000004a8be00000,0x0000004a8bf00000)]
  0x000001e2b8b1b800 JavaThread "C1 CompilerThread0" daemon [_thread_in_vm, id=12128, stack(0x0000004a8bf00000,0x0000004a8c000000)]
  0x000001e2b8b20800 JavaThread "Sweeper thread" daemon [_thread_blocked, id=3364, stack(0x0000004a8c000000,0x0000004a8c100000)]
  0x000001e2b8c7f000 JavaThread "Common-Cleaner" daemon [_thread_blocked, id=15108, stack(0x0000004a8c100000,0x0000004a8c200000)]
  0x000001e2bb05c800 JavaThread "Daemon health stats" [_thread_blocked, id=20584, stack(0x0000004a8ca00000,0x0000004a8cb00000)]
  0x000001e2b8d72000 JavaThread "Incoming local TCP Connector on port 63136" [_thread_in_native, id=12468, stack(0x0000004a8c300000,0x0000004a8c400000)]
  0x000001e2b8d7a800 JavaThread "Daemon periodic checks" [_thread_blocked, id=4604, stack(0x0000004a8c400000,0x0000004a8c500000)]
  0x000001e2baa64000 JavaThread "Cache worker for file hash cache (C:\Users\aleja\.gradle\caches\7.0.2\fileHashes)" [_thread_blocked, id=15456, stack(0x0000004a8d200000,0x0000004a8d300000)]
  0x000001e2baa61800 JavaThread "File lock request listener" [_thread_in_native, id=20408, stack(0x0000004a8d300000,0x0000004a8d400000)]
  0x000001e2baa62800 JavaThread "Cache worker for journal cache (C:\Users\aleja\.gradle\caches\journal-1)" [_thread_blocked, id=14300, stack(0x0000004a8da00000,0x0000004a8db00000)]
  0x000001e2baa65000 JavaThread "File watcher server" daemon [_thread_in_native, id=1972, stack(0x0000004a8dd00000,0x0000004a8de00000)]
  0x000001e2baa5f800 JavaThread "File watcher consumer" daemon [_thread_blocked, id=8512, stack(0x0000004a8de00000,0x0000004a8df00000)]
  0x000001e2bc5ca800 JavaThread "Cache worker for execution history cache (C:\Users\aleja\.gradle\caches\7.0.2\executionHistory)" [_thread_blocked, id=13716, stack(0x0000004a8e300000,0x0000004a8e400000)]
  0x000001e2bc5ca000 JavaThread "jar transforms" [_thread_blocked, id=2216, stack(0x0000004a8e400000,0x0000004a8e500000)]
  0x000001e2bc5cc800 JavaThread "jar transforms Thread 2" [_thread_blocked, id=17436, stack(0x0000004a8e500000,0x0000004a8e600000)]
  0x000001e2bc5ce000 JavaThread "Cache worker for file content cache (C:\Users\aleja\.gradle\caches\7.0.2\fileContent)" [_thread_blocked, id=19612, stack(0x0000004a8e600000,0x0000004a8e700000)]
  0x000001e2be2cd000 JavaThread "jar transforms Thread 3" [_thread_blocked, id=15596, stack(0x0000004a8e800000,0x0000004a8e900000)]
  0x000001e2be2d4000 JavaThread "jar transforms Thread 4" [_thread_blocked, id=12588, stack(0x0000004a8f500000,0x0000004a8f600000)]
  0x000001e2be2d0000 JavaThread "jar transforms Thread 5" [_thread_blocked, id=3016, stack(0x0000004a8f600000,0x0000004a8f700000)]
  0x000001e2be2d7800 JavaThread "jar transforms Thread 6" [_thread_blocked, id=308, stack(0x0000004a8f700000,0x0000004a8f800000)]
  0x000001e2be2d6800 JavaThread "jar transforms Thread 7" [_thread_blocked, id=13028, stack(0x0000004a8f800000,0x0000004a8f900000)]
  0x000001e2be2d2800 JavaThread "jar transforms Thread 8" [_thread_blocked, id=18508, stack(0x0000004a8f900000,0x0000004a8fa00000)]
  0x000001e2bdfed000 JavaThread "jar transforms Thread 9" [_thread_blocked, id=19500, stack(0x0000004a8f400000,0x0000004a8f500000)]
  0x000001e2bdfe9000 JavaThread "jar transforms Thread 10" [_thread_blocked, id=6152, stack(0x0000004a8fa00000,0x0000004a8fb00000)]
  0x000001e2bdfeb800 JavaThread "jar transforms Thread 11" [_thread_blocked, id=21324, stack(0x0000004a8fb00000,0x0000004a8fc00000)]
  0x000001e2bdfea800 JavaThread "jar transforms Thread 12" [_thread_blocked, id=15084, stack(0x0000004a8fc00000,0x0000004a8fd00000)]
  0x000001e2bdfe8000 JavaThread "Memory manager" [_thread_blocked, id=13140, stack(0x0000004a8fe00000,0x0000004a8ff00000)]
  0x000001e2bead5800 JavaThread "Cache worker for Java compile cache (C:\Users\aleja\.gradle\caches\7.0.2\javaCompile)" [_thread_blocked, id=10952, stack(0x0000004a91b00000,0x0000004a91c00000)]
  0x000001e2bc5cd000 JavaThread "ForkJoinPool.commonPool-worker-11" daemon [_thread_blocked, id=5256, stack(0x0000004a92a00000,0x0000004a92b00000)]
  0x000001e2beacf000 JavaThread "Daemon Thread 9" [_thread_blocked, id=19404, stack(0x0000004a8af00000,0x0000004a8b000000)]
  0x000001e2bead4000 JavaThread "Daemon worker Thread 9" [_thread_blocked, id=16980, stack(0x0000004a8cb00000,0x0000004a8cc00000)]
  0x000001e2bdfe7800 JavaThread "Handler for socket connection from /127.0.0.1:63136 to /127.0.0.1:65460" [_thread_in_native, id=12060, stack(0x0000004a8b000000,0x0000004a8b100000)]
  0x000001e2bdff0800 JavaThread "Cancel handler" [_thread_blocked, id=17472, stack(0x0000004a8b100000,0x0000004a8b200000)]
  0x000001e2bdfec000 JavaThread "Asynchronous log dispatcher for DefaultDaemonConnection: socket connection from /127.0.0.1:63136 to /127.0.0.1:65460" [_thread_blocked, id=12040, stack(0x0000004a8cc00000,0x0000004a8cd00000)]
  0x000001e2bdff2000 JavaThread "Stdin handler" [_thread_blocked, id=17708, stack(0x0000004a8cd00000,0x0000004a8ce00000)]
  0x000001e2bdfee800 JavaThread "Daemon client event forwarder" [_thread_blocked, id=224, stack(0x0000004a8ce00000,0x0000004a8cf00000)]
  0x000001e2bdff3800 JavaThread "Cache worker for file hash cache (D:\AndroidStudioProjects\ProyectoFinal\.gradle\7.0.2\fileHashes)" [_thread_blocked, id=17852, stack(0x0000004a8cf00000,0x0000004a8d000000)]
  0x000001e2bdfee000 JavaThread "Cache worker for checksums cache (D:\AndroidStudioProjects\ProyectoFinal\.gradle\checksums)" [_thread_blocked, id=16676, stack(0x0000004a8d000000,0x0000004a8d100000)]
  0x000001e2bdff4800 JavaThread "Cache worker for cache directory md-supplier (C:\Users\aleja\.gradle\caches\7.0.2\md-supplier)" [_thread_blocked, id=8436, stack(0x0000004a8d100000,0x0000004a8d200000)]
  0x000001e2bdff5000 JavaThread "Cache worker for cache directory md-rule (C:\Users\aleja\.gradle\caches\7.0.2\md-rule)" [_thread_blocked, id=12168, stack(0x0000004a8db00000,0x0000004a8dc00000)]
  0x000001e2bdfef800 JavaThread "Cache worker for dependencies-accessors (D:\AndroidStudioProjects\ProyectoFinal\.gradle\7.0.2\dependencies-accessors)" [_thread_blocked, id=15400, stack(0x0000004a8dc00000,0x0000004a8dd00000)]
  0x000001e2bdff6000 JavaThread "Cache worker for Build Output Cleanup Cache (D:\AndroidStudioProjects\ProyectoFinal\.gradle\buildOutputCleanup)" [_thread_blocked, id=11484, stack(0x0000004a8df00000,0x0000004a8e000000)]
  0x000001e2bead0800 JavaThread "Build operations" [_thread_blocked, id=348, stack(0x0000004a8e000000,0x0000004a8e100000)]
  0x000001e2bead3000 JavaThread "Build operations Thread 2" [_thread_blocked, id=5052, stack(0x0000004a8e100000,0x0000004a8e200000)]
  0x000001e2bead4800 JavaThread "Build operations Thread 3" [_thread_blocked, id=3676, stack(0x0000004a8e200000,0x0000004a8e300000)]
  0x000001e2beacf800 JavaThread "Build operations Thread 4" [_thread_blocked, id=14896, stack(0x0000004a8e700000,0x0000004a8e800000)]
  0x000001e2bead6000 JavaThread "Build operations Thread 5" [_thread_blocked, id=20716, stack(0x0000004a8e900000,0x0000004a8ea00000)]
  0x000001e2bead2000 JavaThread "Build operations Thread 6" [_thread_blocked, id=12088, stack(0x0000004a8ea00000,0x0000004a8eb00000)]
  0x000001e2bead7000 JavaThread "Build operations Thread 7" [_thread_blocked, id=21236, stack(0x0000004a8eb00000,0x0000004a8ec00000)]
  0x000001e2bead1800 JavaThread "Build operations Thread 8" [_thread_blocked, id=14972, stack(0x0000004a8ec00000,0x0000004a8ed00000)]
  0x000001e2beadc000 JavaThread "Build operations Thread 9" [_thread_blocked, id=12504, stack(0x0000004a8ed00000,0x0000004a8ee00000)]
  0x000001e2beadd000 JavaThread "Build operations Thread 10" [_thread_blocked, id=21400, stack(0x0000004a8ee00000,0x0000004a8ef00000)]
  0x000001e2beadb000 JavaThread "Build operations Thread 11" [_thread_blocked, id=9400, stack(0x0000004a8ef00000,0x0000004a8f000000)]
  0x000001e2beadd800 JavaThread "Build operations Thread 12" [_thread_blocked, id=20388, stack(0x0000004a8f000000,0x0000004a8f100000)]
  0x000001e2bead8800 JavaThread "C2 CompilerThread1" daemon [_thread_in_native, id=20896, stack(0x0000004a8f100000,0x0000004a8f200000)]
=>0x000001e2bead8000 JavaThread "C2 CompilerThread2" daemon [_thread_in_native, id=15364, stack(0x0000004a8f200000,0x0000004a8f300000)]
  0x000001e2bead9800 JavaThread "build event listener" [_thread_blocked, id=13756, stack(0x0000004a90000000,0x0000004a90100000)]
  0x000001e2beada800 JavaThread "Execution worker for ':'" [_thread_blocked, id=15076, stack(0x0000004a90100000,0x0000004a90200000)]
  0x000001e2be2cd800 JavaThread "Execution worker for ':' Thread 2" [_thread_blocked, id=12012, stack(0x0000004a90200000,0x0000004a90300000)]
  0x000001e2be2ca800 JavaThread "Execution worker for ':' Thread 3" [_thread_blocked, id=10156, stack(0x0000004a90300000,0x0000004a90400000)]
  0x000001e2be2ce800 JavaThread "Execution worker for ':' Thread 4" [_thread_blocked, id=14948, stack(0x0000004a90400000,0x0000004a90500000)]
  0x000001e2be2cf800 JavaThread "Execution worker for ':' Thread 5" [_thread_blocked, id=20916, stack(0x0000004a90500000,0x0000004a90600000)]
  0x000001e2be2c9800 JavaThread "Execution worker for ':' Thread 6" [_thread_blocked, id=11980, stack(0x0000004a90600000,0x0000004a90700000)]
  0x000001e2be2cb000 JavaThread "Execution worker for ':' Thread 7" [_thread_blocked, id=1044, stack(0x0000004a90700000,0x0000004a90800000)]
  0x000001e2be2d1000 JavaThread "Execution worker for ':' Thread 8" [_thread_blocked, id=17520, stack(0x0000004a90800000,0x0000004a90900000)]
  0x000001e2be2d1800 JavaThread "Execution worker for ':' Thread 9" [_thread_blocked, id=15412, stack(0x0000004a90900000,0x0000004a90a00000)]
  0x000001e2be2cc000 JavaThread "Execution worker for ':' Thread 10" [_thread_blocked, id=13836, stack(0x0000004a90a00000,0x0000004a90b00000)]
  0x000001e2be2d3800 JavaThread "Execution worker for ':' Thread 11" [_thread_blocked, id=3404, stack(0x0000004a90b00000,0x0000004a90c00000)]
  0x000001e2be2d5000 JavaThread "Cache worker for execution history cache (D:\AndroidStudioProjects\ProyectoFinal\.gradle\7.0.2\executionHistory)" [_thread_blocked, id=3540, stack(0x0000004a90c00000,0x0000004a90d00000)]
  0x000001e2be2d6000 JavaThread "WorkerExecutor Queue" [_thread_blocked, id=3632, stack(0x0000004a90d00000,0x0000004a90e00000)]
  0x000001e2baa63800 JavaThread "WorkerExecutor Queue Thread 2" [_thread_blocked, id=2384, stack(0x0000004a91400000,0x0000004a91500000)]
  0x000001e2baa66000 JavaThread "WorkerExecutor Queue Thread 3" [_thread_blocked, id=20312, stack(0x0000004a91500000,0x0000004a91600000)]
  0x000001e2baa60000 JavaThread "WorkerExecutor Queue Thread 4" [_thread_blocked, id=20744, stack(0x0000004a91600000,0x0000004a91700000)]
  0x000001e2bc5d0800 JavaThread "WorkerExecutor Queue Thread 5" [_thread_blocked, id=19536, stack(0x0000004a91700000,0x0000004a91800000)]
  0x000001e2c5342000 JavaThread "pool-36-thread-1" [_thread_blocked, id=12532, stack(0x0000004a91800000,0x0000004a91900000)]
  0x000001e2c5346000 JavaThread "stderr" [_thread_in_native, id=18652, stack(0x0000004a91900000,0x0000004a91a00000)]
  0x000001e2c5345800 JavaThread "stdout" [_thread_in_native, id=19480, stack(0x0000004a91a00000,0x0000004a91b00000)]
  0x000001e2c5343800 JavaThread "WorkerExecutor Queue Thread 6" [_thread_blocked, id=9384, stack(0x0000004a91c00000,0x0000004a91d00000)]
  0x000001e2c5347000 JavaThread "WorkerExecutor Queue Thread 7" [_thread_blocked, id=17688, stack(0x0000004a91d00000,0x0000004a91e00000)]
  0x000001e2c5341800 JavaThread "Cache worker for Java compile cache (D:\AndroidStudioProjects\ProyectoFinal\.gradle\7.0.2\javaCompile)" [_thread_blocked, id=17596, stack(0x0000004a91e00000,0x0000004a91f00000)]
  0x000001e2c5348000 JavaThread "WorkerExecutor Queue Thread 8" [_thread_blocked, id=6872, stack(0x0000004a91f00000,0x0000004a92000000)]
  0x000001e2c5348800 JavaThread "WorkerExecutor Queue Thread 9" [_thread_blocked, id=9576, stack(0x0000004a92000000,0x0000004a92100000)]
  0x000001e2c5343000 JavaThread "WorkerExecutor Queue Thread 10" [_thread_blocked, id=20844, stack(0x0000004a92100000,0x0000004a92200000)]
  0x000001e2c5349800 JavaThread "WorkerExecutor Queue Thread 11" [_thread_blocked, id=14728, stack(0x0000004a92200000,0x0000004a92300000)]
  0x000001e2c534a000 JavaThread "WorkerExecutor Queue Thread 12" [_thread_blocked, id=4340, stack(0x0000004a92300000,0x0000004a92400000)]
  0x000001e2c534c800 JavaThread "WorkerExecutor Queue Thread 13" [_thread_blocked, id=20100, stack(0x0000004a92400000,0x0000004a92500000)]
  0x000001e2c534b000 JavaThread "ForkJoinPool-4-worker-19" daemon [_thread_in_vm, id=14692, stack(0x0000004a92500000,0x0000004a92600000)]
  0x000001e2c534c000 JavaThread "ForkJoinPool-4-worker-5" daemon [_thread_in_Java, id=16308, stack(0x0000004a92600000,0x0000004a92700000)]
  0x000001e2c534d800 JavaThread "ForkJoinPool-4-worker-23" daemon [_thread_in_Java, id=16088, stack(0x0000004a92700000,0x0000004a92800000)]
  0x000001e2c534e800 JavaThread "ForkJoinPool-4-worker-9" daemon [_thread_blocked, id=5188, stack(0x0000004a92800000,0x0000004a92900000)]
  0x000001e2c534f000 JavaThread "ForkJoinPool-4-worker-27" daemon [_thread_blocked, id=9324, stack(0x0000004a92900000,0x0000004a92a00000)]
  0x000001e2c5350000 JavaThread "ForkJoinPool-4-worker-13" daemon [_thread_in_Java, id=10508, stack(0x0000004a92b00000,0x0000004a92c00000)]
  0x000001e2baa61000 JavaThread "ForkJoinPool-4-worker-31" daemon [_thread_blocked, id=15860, stack(0x0000004a92c00000,0x0000004a92d00000)]
  0x000001e2cd5bd000 JavaThread "ForkJoinPool-4-worker-17" daemon [_thread_blocked, id=2364, stack(0x0000004a92d00000,0x0000004a92e00000)]
  0x000001e2cd5bf800 JavaThread "ForkJoinPool-4-worker-3" daemon [_thread_in_Java, id=7796, stack(0x0000004a92e00000,0x0000004a92f00000)]
  0x000001e2cd5c1000 JavaThread "ForkJoinPool-4-worker-21" daemon [_thread_in_Java, id=17268, stack(0x0000004a92f00000,0x0000004a93000000)]
  0x000001e2cd5bc800 JavaThread "ForkJoinPool-4-worker-7" daemon [_thread_in_Java, id=18964, stack(0x0000004a93000000,0x0000004a93100000)]
  0x000001e2cd5bb800 JavaThread "ForkJoinPool-4-worker-25" daemon [_thread_in_Java, id=7900, stack(0x0000004a93100000,0x0000004a93200000)]

Other Threads:
  0x000001e2b8a82000 VMThread "VM Thread" [stack: 0x0000004a8b800000,0x0000004a8b900000] [id=14204]
  0x000001e2b8cb4000 WatcherThread [stack: 0x0000004a8c200000,0x0000004a8c300000] [id=12920]
  0x000001e28afbb000 GCTaskThread "GC Thread#0" [stack: 0x0000004a8b300000,0x0000004a8b400000] [id=8152]
  0x000001e2b9bc3800 GCTaskThread "GC Thread#1" [stack: 0x0000004a8c500000,0x0000004a8c600000] [id=3052]
  0x000001e2b9cba800 GCTaskThread "GC Thread#2" [stack: 0x0000004a8c600000,0x0000004a8c700000] [id=17592]
  0x000001e2ba130000 GCTaskThread "GC Thread#3" [stack: 0x0000004a8c700000,0x0000004a8c800000] [id=16252]
  0x000001e2ba130800 GCTaskThread "GC Thread#4" [stack: 0x0000004a8c800000,0x0000004a8c900000] [id=17228]
  0x000001e2b9a5e000 GCTaskThread "GC Thread#5" [stack: 0x0000004a8c900000,0x0000004a8ca00000] [id=16752]
  0x000001e2bbf70000 GCTaskThread "GC Thread#6" [stack: 0x0000004a8d400000,0x0000004a8d500000] [id=12344]
  0x000001e2bbf70800 GCTaskThread "GC Thread#7" [stack: 0x0000004a8d500000,0x0000004a8d600000] [id=18080]
  0x000001e2bb777800 GCTaskThread "GC Thread#8" [stack: 0x0000004a8d600000,0x0000004a8d700000] [id=3976]
  0x000001e2bb778000 GCTaskThread "GC Thread#9" [stack: 0x0000004a8d700000,0x0000004a8d800000] [id=15492]
  0x000001e28b055800 ConcurrentGCThread "G1 Main Marker" [stack: 0x0000004a8b400000,0x0000004a8b500000] [id=3752]
  0x000001e28b057800 ConcurrentGCThread "G1 Conc#0" [stack: 0x0000004a8b500000,0x0000004a8b600000] [id=18132]
  0x000001e2babda800 ConcurrentGCThread "G1 Conc#1" [stack: 0x0000004a8d800000,0x0000004a8d900000] [id=7352]
  0x000001e2b95d3800 ConcurrentGCThread "G1 Conc#2" [stack: 0x0000004a8d900000,0x0000004a8da00000] [id=12572]
  0x000001e2b7fd4800 ConcurrentGCThread "G1 Refine#0" [stack: 0x0000004a8b600000,0x0000004a8b700000] [id=10544]
  0x000001e2ba3de800 ConcurrentGCThread "G1 Refine#1" [stack: 0x0000004a8ff00000,0x0000004a90000000] [id=19460]
  0x000001e2be63c800 ConcurrentGCThread "G1 Refine#2" [stack: 0x0000004a90e00000,0x0000004a90f00000] [id=8892]
  0x000001e2bbeae000 ConcurrentGCThread "G1 Refine#3" [stack: 0x0000004a90f00000,0x0000004a91000000] [id=18616]
  0x000001e2c5118800 ConcurrentGCThread "G1 Refine#4" [stack: 0x0000004a91000000,0x0000004a91100000] [id=5804]
  0x000001e2be7f5000 ConcurrentGCThread "G1 Refine#5" [stack: 0x0000004a91100000,0x0000004a91200000] [id=20304]
  0x000001e2be7f5800 ConcurrentGCThread "G1 Refine#6" [stack: 0x0000004a91200000,0x0000004a91300000] [id=2804]
  0x000001e2bc9ad000 ConcurrentGCThread "G1 Refine#7" [stack: 0x0000004a91300000,0x0000004a91400000] [id=20868]
  0x000001e2b7fd7800 ConcurrentGCThread "G1 Young RemSet Sampling" [stack: 0x0000004a8b700000,0x0000004a8b800000] [id=20724]

Threads with active compile tasks:
C2 CompilerThread05331233 32772       4       com.android.tools.r8.code.w1::a (4137 bytes)
C2 CompilerThread15331233 32485       4       com.android.tools.r8.internal.E7::p (1053 bytes)
C2 CompilerThread25331233 32488       4       com.android.tools.r8.internal.UC::b (268 bytes)

VM state:not at safepoint (normal execution)

VM Mutex/Monitor currently owned by a thread: None

Heap address: 0x000000058d800000, size: 10024 MB, Compressed Oops mode: Zero based, Oop shift amount: 3
Narrow klass base: 0x0000000800000000, Narrow klass shift: 0
Compressed class space size: 1073741824 Address: 0x0000000800000000

Heap:
 garbage-first heap   total 509952K, used 284484K [0x000000058d800000, 0x0000000800000000)
  region size 2048K, 25 young (51200K), 11 survivors (22528K)
 Metaspace       used 158025K, capacity 163362K, committed 163584K, reserved 1191936K
  class space    used 19577K, capacity 21471K, committed 21504K, reserved 1048576K
Heap Regions: E=young(eden), S=young(survivor), O=old, HS=humongous(starts), HC=humongous(continues), CS=collection set, F=free, A=archive, TAMS=top-at-mark-start (previous, next)
|   0|0x000000058d800000, 0x000000058da00000, 0x000000058da00000|100%| O|  |TAMS 0x000000058da00000, 0x000000058d800000| Untracked 
|   1|0x000000058da00000, 0x000000058dc00000, 0x000000058dc00000|100%| O|  |TAMS 0x000000058dc00000, 0x000000058da00000| Untracked 
|   2|0x000000058dc00000, 0x000000058de00000, 0x000000058de00000|100%|HS|  |TAMS 0x000000058de00000, 0x000000058dc00000| Complete 
|   3|0x000000058de00000, 0x000000058e000000, 0x000000058e000000|100%|HC|  |TAMS 0x000000058e000000, 0x000000058de00000| Complete 
|   4|0x000000058e000000, 0x000000058e200000, 0x000000058e200000|100%| O|  |TAMS 0x000000058e200000, 0x000000058e000000| Untracked 
|   5|0x000000058e200000, 0x000000058e400000, 0x000000058e400000|100%| O|  |TAMS 0x000000058e400000, 0x000000058e200000| Untracked 
|   6|0x000000058e400000, 0x000000058e600000, 0x000000058e600000|100%| O|  |TAMS 0x000000058e600000, 0x000000058e400000| Untracked 
|   7|0x000000058e600000, 0x000000058e800000, 0x000000058e800000|100%| O|  |TAMS 0x000000058e800000, 0x000000058e600000| Untracked 
|   8|0x000000058e800000, 0x000000058ea00000, 0x000000058ea00000|100%| O|  |TAMS 0x000000058ea00000, 0x000000058e800000| Untracked 
|   9|0x000000058ea00000, 0x000000058ec00000, 0x000000058ec00000|100%|HS|  |TAMS 0x000000058ec00000, 0x000000058ea00000| Complete 
|  10|0x000000058ec00000, 0x000000058ee00000, 0x000000058ee00000|100%| O|  |TAMS 0x000000058ee00000, 0x000000058ec00000| Untracked 
|  11|0x000000058ee00000, 0x000000058f000000, 0x000000058f000000|100%| O|  |TAMS 0x000000058f000000, 0x000000058ee00000| Untracked 
|  12|0x000000058f000000, 0x000000058f200000, 0x000000058f200000|100%| O|  |TAMS 0x000000058f200000, 0x000000058f000000| Untracked 
|  13|0x000000058f200000, 0x000000058f400000, 0x000000058f400000|100%| O|  |TAMS 0x000000058f400000, 0x000000058f200000| Untracked 
|  14|0x000000058f400000, 0x000000058f600000, 0x000000058f600000|100%| O|  |TAMS 0x000000058f600000, 0x000000058f400000| Untracked 
|  15|0x000000058f600000, 0x000000058f800000, 0x000000058f800000|100%| O|  |TAMS 0x000000058f800000, 0x000000058f600000| Untracked 
|  16|0x000000058f800000, 0x000000058fa00000, 0x000000058fa00000|100%| O|  |TAMS 0x000000058fa00000, 0x000000058f800000| Untracked 
|  17|0x000000058fa00000, 0x000000058fc00000, 0x000000058fc00000|100%| O|  |TAMS 0x000000058fc00000, 0x000000058fa00000| Untracked 
|  18|0x000000058fc00000, 0x000000058fe00000, 0x000000058fe00000|100%| O|  |TAMS 0x000000058fe00000, 0x000000058fc00000| Untracked 
|  19|0x000000058fe00000, 0x0000000590000000, 0x0000000590000000|100%| O|  |TAMS 0x0000000590000000, 0x000000058fe00000| Untracked 
|  20|0x0000000590000000, 0x0000000590200000, 0x0000000590200000|100%| O|  |TAMS 0x0000000590200000, 0x0000000590000000| Untracked 
|  21|0x0000000590200000, 0x0000000590400000, 0x0000000590400000|100%| O|  |TAMS 0x0000000590400000, 0x0000000590200000| Untracked 
|  22|0x0000000590400000, 0x0000000590600000, 0x0000000590600000|100%| O|  |TAMS 0x0000000590600000, 0x0000000590400000| Untracked 
|  23|0x0000000590600000, 0x0000000590800000, 0x0000000590800000|100%| O|  |TAMS 0x0000000590800000, 0x0000000590600000| Untracked 
|  24|0x0000000590800000, 0x0000000590a00000, 0x0000000590a00000|100%| O|  |TAMS 0x0000000590a00000, 0x0000000590800000| Untracked 
|  25|0x0000000590a00000, 0x0000000590c00000, 0x0000000590c00000|100%| O|  |TAMS 0x0000000590c00000, 0x0000000590a00000| Untracked 
|  26|0x0000000590c00000, 0x0000000590e00000, 0x0000000590e00000|100%|HS|  |TAMS 0x0000000590e00000, 0x0000000590c00000| Complete 
|  27|0x0000000590e00000, 0x0000000591000000, 0x0000000591000000|100%| O|  |TAMS 0x0000000591000000, 0x0000000590e00000| Untracked 
|  28|0x0000000591000000, 0x0000000591200000, 0x0000000591200000|100%|HS|  |TAMS 0x0000000591200000, 0x0000000591000000| Complete 
|  29|0x0000000591200000, 0x0000000591400000, 0x0000000591400000|100%| O|  |TAMS 0x0000000591400000, 0x0000000591200000| Untracked 
|  30|0x0000000591400000, 0x0000000591600000, 0x0000000591600000|100%| O|  |TAMS 0x0000000591600000, 0x0000000591400000| Untracked 
|  31|0x0000000591600000, 0x0000000591800000, 0x0000000591800000|100%| O|  |TAMS 0x0000000591800000, 0x0000000591600000| Untracked 
|  32|0x0000000591800000, 0x0000000591a00000, 0x0000000591a00000|100%|HS|  |TAMS 0x0000000591800000, 0x0000000591800000| Complete 
|  33|0x0000000591a00000, 0x0000000591c00000, 0x0000000591c00000|100%| O|  |TAMS 0x0000000591c00000, 0x0000000591a00000| Untracked 
|  34|0x0000000591c00000, 0x0000000591e00000, 0x0000000591e00000|100%| O|  |TAMS 0x0000000591e00000, 0x0000000591c00000| Untracked 
|  35|0x0000000591e00000, 0x0000000592000000, 0x0000000592000000|100%| O|  |TAMS 0x0000000592000000, 0x0000000591e00000| Untracked 
|  36|0x0000000592000000, 0x0000000592200000, 0x0000000592200000|100%|HS|  |TAMS 0x0000000592200000, 0x0000000592000000| Complete 
|  37|0x0000000592200000, 0x0000000592400000, 0x0000000592400000|100%|HC|  |TAMS 0x0000000592400000, 0x0000000592200000| Complete 
|  38|0x0000000592400000, 0x0000000592600000, 0x0000000592600000|100%|HS|  |TAMS 0x0000000592600000, 0x0000000592400000| Complete 
|  39|0x0000000592600000, 0x0000000592800000, 0x0000000592800000|100%|HC|  |TAMS 0x0000000592800000, 0x0000000592600000| Complete 
|  40|0x0000000592800000, 0x0000000592a00000, 0x0000000592a00000|100%|HC|  |TAMS 0x0000000592a00000, 0x0000000592800000| Complete 
|  41|0x0000000592a00000, 0x0000000592c00000, 0x0000000592c00000|100%|HS|  |TAMS 0x0000000592c00000, 0x0000000592a00000| Complete 
|  42|0x0000000592c00000, 0x0000000592e00000, 0x0000000592e00000|100%|HC|  |TAMS 0x0000000592e00000, 0x0000000592c00000| Complete 
|  43|0x0000000592e00000, 0x0000000593000000, 0x0000000593000000|100%| O|  |TAMS 0x0000000593000000, 0x0000000592e00000| Untracked 
|  44|0x0000000593000000, 0x0000000593200000, 0x0000000593200000|100%| O|  |TAMS 0x0000000593200000, 0x0000000593000000| Untracked 
|  45|0x0000000593200000, 0x0000000593400000, 0x0000000593400000|100%| O|  |TAMS 0x0000000593400000, 0x0000000593200000| Untracked 
|  46|0x0000000593400000, 0x0000000593600000, 0x0000000593600000|100%| O|  |TAMS 0x0000000593600000, 0x0000000593400000| Untracked 
|  47|0x0000000593600000, 0x0000000593800000, 0x0000000593800000|100%| O|  |TAMS 0x0000000593800000, 0x0000000593600000| Untracked 
|  48|0x0000000593800000, 0x0000000593a00000, 0x0000000593a00000|100%| O|  |TAMS 0x0000000593a00000, 0x0000000593800000| Untracked 
|  49|0x0000000593a00000, 0x0000000593c00000, 0x0000000593c00000|100%| O|  |TAMS 0x0000000593c00000, 0x0000000593a00000| Untracked 
|  50|0x0000000593c00000, 0x0000000593e00000, 0x0000000593e00000|100%|HS|  |TAMS 0x0000000593e00000, 0x0000000593c00000| Complete 
|  51|0x0000000593e00000, 0x0000000594000000, 0x0000000594000000|100%| O|  |TAMS 0x0000000594000000, 0x0000000593e00000| Untracked 
|  52|0x0000000594000000, 0x0000000594200000, 0x0000000594200000|100%|HS|  |TAMS 0x0000000594200000, 0x0000000594000000| Complete 
|  53|0x0000000594200000, 0x0000000594400000, 0x0000000594400000|100%|HC|  |TAMS 0x0000000594400000, 0x0000000594200000| Complete 
|  54|0x0000000594400000, 0x0000000594600000, 0x0000000594600000|100%|HC|  |TAMS 0x0000000594600000, 0x0000000594400000| Complete 
|  55|0x0000000594600000, 0x0000000594800000, 0x0000000594800000|100%| O|  |TAMS 0x0000000594800000, 0x0000000594600000| Untracked 
|  56|0x0000000594800000, 0x0000000594a00000, 0x0000000594a00000|100%| O|  |TAMS 0x0000000594a00000, 0x0000000594800000| Untracked 
|  57|0x0000000594a00000, 0x0000000594c00000, 0x0000000594c00000|100%| O|  |TAMS 0x0000000594c00000, 0x0000000594a00000| Untracked 
|  58|0x0000000594c00000, 0x0000000594e00000, 0x0000000594e00000|100%| O|  |TAMS 0x0000000594e00000, 0x0000000594c00000| Untracked 
|  59|0x0000000594e00000, 0x0000000595000000, 0x0000000595000000|100%| O|  |TAMS 0x0000000595000000, 0x0000000594e00000| Untracked 
|  60|0x0000000595000000, 0x0000000595200000, 0x0000000595200000|100%| O|  |TAMS 0x0000000595200000, 0x0000000595000000| Untracked 
|  61|0x0000000595200000, 0x0000000595400000, 0x0000000595400000|100%| O|  |TAMS 0x0000000595400000, 0x0000000595200000| Untracked 
|  62|0x0000000595400000, 0x0000000595600000, 0x0000000595600000|100%| O|  |TAMS 0x0000000595600000, 0x0000000595400000| Untracked 
|  63|0x0000000595600000, 0x0000000595800000, 0x0000000595800000|100%| O|  |TAMS 0x0000000595800000, 0x0000000595600000| Untracked 
|  64|0x0000000595800000, 0x0000000595a00000, 0x0000000595a00000|100%| O|  |TAMS 0x0000000595a00000, 0x0000000595800000| Untracked 
|  65|0x0000000595a00000, 0x0000000595c00000, 0x0000000595c00000|100%| O|  |TAMS 0x0000000595c00000, 0x0000000595a00000| Untracked 
|  66|0x0000000595c00000, 0x0000000595e00000, 0x0000000595e00000|100%| O|  |TAMS 0x0000000595e00000, 0x0000000595c00000| Untracked 
|  67|0x0000000595e00000, 0x0000000596000000, 0x0000000596000000|100%| O|  |TAMS 0x0000000596000000, 0x0000000595e00000| Untracked 
|  68|0x0000000596000000, 0x0000000596200000, 0x0000000596200000|100%| O|  |TAMS 0x0000000596200000, 0x0000000596000000| Untracked 
|  69|0x0000000596200000, 0x0000000596400000, 0x0000000596400000|100%| O|  |TAMS 0x0000000596400000, 0x0000000596200000| Untracked 
|  70|0x0000000596400000, 0x0000000596600000, 0x0000000596600000|100%| O|  |TAMS 0x0000000596600000, 0x0000000596400000| Untracked 
|  71|0x0000000596600000, 0x0000000596800000, 0x0000000596800000|100%| O|  |TAMS 0x0000000596800000, 0x0000000596600000| Untracked 
|  72|0x0000000596800000, 0x0000000596a00000, 0x0000000596a00000|100%| O|  |TAMS 0x0000000596a00000, 0x0000000596800000| Untracked 
|  73|0x0000000596a00000, 0x0000000596c00000, 0x0000000596c00000|100%| O|  |TAMS 0x0000000596c00000, 0x0000000596a00000| Untracked 
|  74|0x0000000596c00000, 0x0000000596e00000, 0x0000000596e00000|100%| O|  |TAMS 0x0000000596e00000, 0x0000000596c00000| Untracked 
|  75|0x0000000596e00000, 0x0000000597000000, 0x0000000597000000|100%| O|  |TAMS 0x0000000597000000, 0x0000000596e00000| Untracked 
|  76|0x0000000597000000, 0x0000000597200000, 0x0000000597200000|100%| O|  |TAMS 0x0000000597200000, 0x0000000597000000| Untracked 
|  77|0x0000000597200000, 0x0000000597400000, 0x0000000597400000|100%| O|  |TAMS 0x0000000597400000, 0x0000000597200000| Untracked 
|  78|0x0000000597400000, 0x0000000597600000, 0x0000000597600000|100%| O|  |TAMS 0x0000000597600000, 0x0000000597400000| Untracked 
|  79|0x0000000597600000, 0x0000000597800000, 0x0000000597800000|100%| O|  |TAMS 0x0000000597800000, 0x0000000597600000| Untracked 
|  80|0x0000000597800000, 0x0000000597a00000, 0x0000000597a00000|100%| O|  |TAMS 0x0000000597a00000, 0x0000000597800000| Untracked 
|  81|0x0000000597a00000, 0x0000000597c00000, 0x0000000597c00000|100%| O|  |TAMS 0x0000000597c00000, 0x0000000597a00000| Untracked 
|  82|0x0000000597c00000, 0x0000000597e00000, 0x0000000597e00000|100%| O|  |TAMS 0x0000000597e00000, 0x0000000597c00000| Untracked 
|  83|0x0000000597e00000, 0x0000000598000000, 0x0000000598000000|100%| O|  |TAMS 0x0000000598000000, 0x0000000597e00000| Untracked 
|  84|0x0000000598000000, 0x0000000598200000, 0x0000000598200000|100%| O|  |TAMS 0x0000000598200000, 0x0000000598000000| Untracked 
|  85|0x0000000598200000, 0x0000000598400000, 0x0000000598400000|100%| O|  |TAMS 0x0000000598400000, 0x0000000598200000| Untracked 
|  86|0x0000000598400000, 0x0000000598600000, 0x0000000598600000|100%| O|  |TAMS 0x0000000598600000, 0x0000000598400000| Untracked 
|  87|0x0000000598600000, 0x0000000598800000, 0x0000000598800000|100%| O|  |TAMS 0x0000000598800000, 0x0000000598600000| Untracked 
|  88|0x0000000598800000, 0x0000000598a00000, 0x0000000598a00000|100%| O|  |TAMS 0x0000000598a00000, 0x0000000598800000| Untracked 
|  89|0x0000000598a00000, 0x0000000598c00000, 0x0000000598c00000|100%| O|  |TAMS 0x0000000598c00000, 0x0000000598a00000| Untracked 
|  90|0x0000000598c00000, 0x0000000598e00000, 0x0000000598e00000|100%| O|  |TAMS 0x0000000598c33600, 0x0000000598c00000| Untracked 
|  91|0x0000000598e00000, 0x0000000599000000, 0x0000000599000000|100%| O|  |TAMS 0x0000000599000000, 0x0000000598e00000| Untracked 
|  92|0x0000000599000000, 0x0000000599200000, 0x0000000599200000|100%| O|  |TAMS 0x0000000599200000, 0x0000000599000000| Untracked 
|  93|0x0000000599200000, 0x0000000599400000, 0x0000000599400000|100%|HS|  |TAMS 0x0000000599200000, 0x0000000599200000| Complete 
|  94|0x0000000599400000, 0x0000000599600000, 0x0000000599600000|100%|HC|  |TAMS 0x0000000599400000, 0x0000000599400000| Complete 
|  95|0x0000000599600000, 0x0000000599800000, 0x0000000599800000|100%| O|  |TAMS 0x0000000599800000, 0x0000000599600000| Untracked 
|  96|0x0000000599800000, 0x0000000599800000, 0x0000000599a00000|  0%| F|  |TAMS 0x0000000599800000, 0x0000000599800000| Untracked 
|  97|0x0000000599a00000, 0x0000000599c00000, 0x0000000599c00000|100%|HS|  |TAMS 0x0000000599a00000, 0x0000000599a00000| Complete 
|  98|0x0000000599c00000, 0x0000000599c00000, 0x0000000599e00000|  0%| F|  |TAMS 0x0000000599c00000, 0x0000000599c00000| Untracked 
|  99|0x0000000599e00000, 0x000000059a000000, 0x000000059a000000|100%|HS|  |TAMS 0x0000000599e00000, 0x0000000599e00000| Complete 
| 100|0x000000059a000000, 0x000000059a000000, 0x000000059a200000|  0%| F|  |TAMS 0x000000059a000000, 0x000000059a000000| Untracked 
| 101|0x000000059a200000, 0x000000059a200000, 0x000000059a400000|  0%| F|  |TAMS 0x000000059a200000, 0x000000059a200000| Untracked 
| 102|0x000000059a400000, 0x000000059a600000, 0x000000059a600000|100%|HS|  |TAMS 0x000000059a400000, 0x000000059a400000| Complete 
| 103|0x000000059a600000, 0x000000059a800000, 0x000000059a800000|100%|HC|  |TAMS 0x000000059a600000, 0x000000059a600000| Complete 
| 104|0x000000059a800000, 0x000000059aa00000, 0x000000059aa00000|100%| O|  |TAMS 0x000000059a800000, 0x000000059a800000| Untracked 
| 105|0x000000059aa00000, 0x000000059ac00000, 0x000000059ac00000|100%| O|  |TAMS 0x000000059aa00000, 0x000000059aa00000| Untracked 
| 106|0x000000059ac00000, 0x000000059ae00000, 0x000000059ae00000|100%| O|  |TAMS 0x000000059ac00000, 0x000000059ac00000| Untracked 
| 107|0x000000059ae00000, 0x000000059b000000, 0x000000059b000000|100%| O|  |TAMS 0x000000059ae00000, 0x000000059ae00000| Untracked 
| 108|0x000000059b000000, 0x000000059b200000, 0x000000059b200000|100%| O|  |TAMS 0x000000059b000000, 0x000000059b000000| Untracked 
| 109|0x000000059b200000, 0x000000059b400000, 0x000000059b400000|100%| O|  |TAMS 0x000000059b200000, 0x000000059b200000| Untracked 
| 110|0x000000059b400000, 0x000000059b600000, 0x000000059b600000|100%| O|  |TAMS 0x000000059b400000, 0x000000059b400000| Untracked 
| 111|0x000000059b600000, 0x000000059b800000, 0x000000059b800000|100%| O|  |TAMS 0x000000059b600000, 0x000000059b600000| Untracked 
| 112|0x000000059b800000, 0x000000059ba00000, 0x000000059ba00000|100%| O|  |TAMS 0x000000059b800000, 0x000000059b800000| Untracked 
| 113|0x000000059ba00000, 0x000000059bc00000, 0x000000059bc00000|100%| O|  |TAMS 0x000000059ba00000, 0x000000059ba00000| Untracked 
| 114|0x000000059bc00000, 0x000000059be00000, 0x000000059be00000|100%| O|  |TAMS 0x000000059bc00000, 0x000000059bc00000| Untracked 
| 115|0x000000059be00000, 0x000000059c000000, 0x000000059c000000|100%| O|  |TAMS 0x000000059be00000, 0x000000059be00000| Untracked 
| 116|0x000000059c000000, 0x000000059c200000, 0x000000059c200000|100%| O|  |TAMS 0x000000059c000000, 0x000000059c000000| Untracked 
| 117|0x000000059c200000, 0x000000059c400000, 0x000000059c400000|100%| O|  |TAMS 0x000000059c200000, 0x000000059c200000| Untracked 
| 118|0x000000059c400000, 0x000000059c5d1200, 0x000000059c600000| 90%| O|  |TAMS 0x000000059c400000, 0x000000059c400000| Untracked 
| 119|0x000000059c600000, 0x000000059c600000, 0x000000059c800000|  0%| F|  |TAMS 0x000000059c600000, 0x000000059c600000| Untracked 
| 120|0x000000059c800000, 0x000000059c800000, 0x000000059ca00000|  0%| F|  |TAMS 0x000000059c800000, 0x000000059c800000| Untracked 
| 121|0x000000059ca00000, 0x000000059ca00000, 0x000000059cc00000|  0%| F|  |TAMS 0x000000059ca00000, 0x000000059ca00000| Untracked 
| 122|0x000000059cc00000, 0x000000059cc00000, 0x000000059ce00000|  0%| F|  |TAMS 0x000000059cc00000, 0x000000059cc00000| Untracked 
| 123|0x000000059ce00000, 0x000000059ce00000, 0x000000059d000000|  0%| F|  |TAMS 0x000000059ce00000, 0x000000059ce00000| Untracked 
| 124|0x000000059d000000, 0x000000059d000000, 0x000000059d200000|  0%| F|  |TAMS 0x000000059d000000, 0x000000059d000000| Untracked 
| 125|0x000000059d200000, 0x000000059d200000, 0x000000059d400000|  0%| F|  |TAMS 0x000000059d200000, 0x000000059d200000| Untracked 
| 126|0x000000059d400000, 0x000000059d400000, 0x000000059d600000|  0%| F|  |TAMS 0x000000059d400000, 0x000000059d400000| Untracked 
| 127|0x000000059d600000, 0x000000059d600000, 0x000000059d800000|  0%| F|  |TAMS 0x000000059d600000, 0x000000059d600000| Untracked 
| 128|0x000000059d800000, 0x000000059d800000, 0x000000059da00000|  0%| F|  |TAMS 0x000000059d800000, 0x000000059d800000| Untracked 
| 129|0x000000059da00000, 0x000000059da00000, 0x000000059dc00000|  0%| F|  |TAMS 0x000000059da00000, 0x000000059da00000| Untracked 
| 130|0x000000059dc00000, 0x000000059dc00000, 0x000000059de00000|  0%| F|  |TAMS 0x000000059dc00000, 0x000000059dc00000| Untracked 
| 131|0x000000059de00000, 0x000000059de00000, 0x000000059e000000|  0%| F|  |TAMS 0x000000059de00000, 0x000000059de00000| Untracked 
| 132|0x000000059e000000, 0x000000059e000000, 0x000000059e200000|  0%| F|  |TAMS 0x000000059e000000, 0x000000059e000000| Untracked 
| 133|0x000000059e200000, 0x000000059e200000, 0x000000059e400000|  0%| F|  |TAMS 0x000000059e200000, 0x000000059e200000| Untracked 
| 134|0x000000059e400000, 0x000000059e400000, 0x000000059e600000|  0%| F|  |TAMS 0x000000059e400000, 0x000000059e400000| Untracked 
| 135|0x000000059e600000, 0x000000059e600000, 0x000000059e800000|  0%| F|  |TAMS 0x000000059e600000, 0x000000059e600000| Untracked 
| 136|0x000000059e800000, 0x000000059e800000, 0x000000059ea00000|  0%| F|  |TAMS 0x000000059e800000, 0x000000059e800000| Untracked 
| 137|0x000000059ea00000, 0x000000059ea00000, 0x000000059ec00000|  0%| F|  |TAMS 0x000000059ea00000, 0x000000059ea00000| Untracked 
| 138|0x000000059ec00000, 0x000000059ec00000, 0x000000059ee00000|  0%| F|  |TAMS 0x000000059ec00000, 0x000000059ec00000| Untracked 
| 139|0x000000059ee00000, 0x000000059ee00000, 0x000000059f000000|  0%| F|  |TAMS 0x000000059ee00000, 0x000000059ee00000| Untracked 
| 140|0x000000059f000000, 0x000000059f000000, 0x000000059f200000|  0%| F|  |TAMS 0x000000059f000000, 0x000000059f000000| Untracked 
| 141|0x000000059f200000, 0x000000059f200000, 0x000000059f400000|  0%| F|  |TAMS 0x000000059f200000, 0x000000059f200000| Untracked 
| 142|0x000000059f400000, 0x000000059f400000, 0x000000059f600000|  0%| F|  |TAMS 0x000000059f400000, 0x000000059f400000| Untracked 
| 143|0x000000059f600000, 0x000000059f600000, 0x000000059f800000|  0%| F|  |TAMS 0x000000059f600000, 0x000000059f600000| Untracked 
| 144|0x000000059f800000, 0x000000059f800000, 0x000000059fa00000|  0%| F|  |TAMS 0x000000059f800000, 0x000000059f800000| Untracked 
| 145|0x000000059fa00000, 0x000000059fa00000, 0x000000059fc00000|  0%| F|  |TAMS 0x000000059fa00000, 0x000000059fa00000| Untracked 
| 146|0x000000059fc00000, 0x000000059fc00000, 0x000000059fe00000|  0%| F|  |TAMS 0x000000059fc00000, 0x000000059fc00000| Untracked 
| 147|0x000000059fe00000, 0x000000059fe00000, 0x00000005a0000000|  0%| F|  |TAMS 0x000000059fe00000, 0x000000059fe00000| Untracked 
| 148|0x00000005a0000000, 0x00000005a0000000, 0x00000005a0200000|  0%| F|  |TAMS 0x00000005a0000000, 0x00000005a0000000| Untracked 
| 149|0x00000005a0200000, 0x00000005a0200000, 0x00000005a0400000|  0%| F|  |TAMS 0x00000005a0200000, 0x00000005a0200000| Untracked 
| 150|0x00000005a0400000, 0x00000005a0600000, 0x00000005a0600000|100%| S|CS|TAMS 0x00000005a0400000, 0x00000005a0400000| Complete 
| 151|0x00000005a0600000, 0x00000005a0800000, 0x00000005a0800000|100%| S|CS|TAMS 0x00000005a0600000, 0x00000005a0600000| Complete 
| 152|0x00000005a0800000, 0x00000005a0a00000, 0x00000005a0a00000|100%| S|CS|TAMS 0x00000005a0800000, 0x00000005a0800000| Complete 
| 153|0x00000005a0a00000, 0x00000005a0c00000, 0x00000005a0c00000|100%| S|CS|TAMS 0x00000005a0a00000, 0x00000005a0a00000| Complete 
| 154|0x00000005a0c00000, 0x00000005a0e00000, 0x00000005a0e00000|100%| S|CS|TAMS 0x00000005a0c00000, 0x00000005a0c00000| Complete 
| 155|0x00000005a0e00000, 0x00000005a1000000, 0x00000005a1000000|100%| S|CS|TAMS 0x00000005a0e00000, 0x00000005a0e00000| Complete 
| 156|0x00000005a1000000, 0x00000005a1200000, 0x00000005a1200000|100%| S|CS|TAMS 0x00000005a1000000, 0x00000005a1000000| Complete 
| 157|0x00000005a1200000, 0x00000005a1400000, 0x00000005a1400000|100%| S|CS|TAMS 0x00000005a1200000, 0x00000005a1200000| Complete 
| 158|0x00000005a1400000, 0x00000005a1600000, 0x00000005a1600000|100%| S|CS|TAMS 0x00000005a1400000, 0x00000005a1400000| Complete 
| 159|0x00000005a1600000, 0x00000005a1800000, 0x00000005a1800000|100%| S|CS|TAMS 0x00000005a1600000, 0x00000005a1600000| Complete 
| 160|0x00000005a1800000, 0x00000005a1a00000, 0x00000005a1a00000|100%| S|CS|TAMS 0x00000005a1800000, 0x00000005a1800000| Complete 
| 161|0x00000005a1a00000, 0x00000005a1a00000, 0x00000005a1c00000|  0%| F|  |TAMS 0x00000005a1a00000, 0x00000005a1a00000| Untracked 
| 162|0x00000005a1c00000, 0x00000005a1c00000, 0x00000005a1e00000|  0%| F|  |TAMS 0x00000005a1c00000, 0x00000005a1c00000| Untracked 
| 163|0x00000005a1e00000, 0x00000005a1e00000, 0x00000005a2000000|  0%| F|  |TAMS 0x00000005a1e00000, 0x00000005a1e00000| Untracked 
| 164|0x00000005a2000000, 0x00000005a2000000, 0x00000005a2200000|  0%| F|  |TAMS 0x00000005a2000000, 0x00000005a2000000| Untracked 
| 165|0x00000005a2200000, 0x00000005a2200000, 0x00000005a2400000|  0%| F|  |TAMS 0x00000005a2200000, 0x00000005a2200000| Untracked 
| 166|0x00000005a2400000, 0x00000005a2400000, 0x00000005a2600000|  0%| F|  |TAMS 0x00000005a2400000, 0x00000005a2400000| Untracked 
| 167|0x00000005a2600000, 0x00000005a2600000, 0x00000005a2800000|  0%| F|  |TAMS 0x00000005a2600000, 0x00000005a2600000| Untracked 
| 168|0x00000005a2800000, 0x00000005a2800000, 0x00000005a2a00000|  0%| F|  |TAMS 0x00000005a2800000, 0x00000005a2800000| Untracked 
| 169|0x00000005a2a00000, 0x00000005a2a00000, 0x00000005a2c00000|  0%| F|  |TAMS 0x00000005a2a00000, 0x00000005a2a00000| Untracked 
| 170|0x00000005a2c00000, 0x00000005a2c00000, 0x00000005a2e00000|  0%| F|  |TAMS 0x00000005a2c00000, 0x00000005a2c00000| Untracked 
| 171|0x00000005a2e00000, 0x00000005a2e00000, 0x00000005a3000000|  0%| F|  |TAMS 0x00000005a2e00000, 0x00000005a2e00000| Untracked 
| 172|0x00000005a3000000, 0x00000005a3000000, 0x00000005a3200000|  0%| F|  |TAMS 0x00000005a3000000, 0x00000005a3000000| Untracked 
| 173|0x00000005a3200000, 0x00000005a3200000, 0x00000005a3400000|  0%| F|  |TAMS 0x00000005a3200000, 0x00000005a3200000| Untracked 
| 174|0x00000005a3400000, 0x00000005a3400000, 0x00000005a3600000|  0%| F|  |TAMS 0x00000005a3400000, 0x00000005a3400000| Untracked 
| 175|0x00000005a3600000, 0x00000005a3600000, 0x00000005a3800000|  0%| F|  |TAMS 0x00000005a3600000, 0x00000005a3600000| Untracked 
| 176|0x00000005a3800000, 0x00000005a3800000, 0x00000005a3a00000|  0%| F|  |TAMS 0x00000005a3800000, 0x00000005a3800000| Untracked 
| 177|0x00000005a3a00000, 0x00000005a3a00000, 0x00000005a3c00000|  0%| F|  |TAMS 0x00000005a3a00000, 0x00000005a3a00000| Untracked 
| 178|0x00000005a3c00000, 0x00000005a3c00000, 0x00000005a3e00000|  0%| F|  |TAMS 0x00000005a3c00000, 0x00000005a3c00000| Untracked 
| 179|0x00000005a3e00000, 0x00000005a3e00000, 0x00000005a4000000|  0%| F|  |TAMS 0x00000005a3e00000, 0x00000005a3e00000| Untracked 
| 180|0x00000005a4000000, 0x00000005a4000000, 0x00000005a4200000|  0%| F|  |TAMS 0x00000005a4000000, 0x00000005a4000000| Untracked 
| 181|0x00000005a4200000, 0x00000005a4200000, 0x00000005a4400000|  0%| F|  |TAMS 0x00000005a4200000, 0x00000005a4200000| Untracked 
| 182|0x00000005a4400000, 0x00000005a4400000, 0x00000005a4600000|  0%| F|  |TAMS 0x00000005a4400000, 0x00000005a4400000| Untracked 
| 183|0x00000005a4600000, 0x00000005a4600000, 0x00000005a4800000|  0%| F|  |TAMS 0x00000005a4600000, 0x00000005a4600000| Untracked 
| 184|0x00000005a4800000, 0x00000005a4800000, 0x00000005a4a00000|  0%| F|  |TAMS 0x00000005a4800000, 0x00000005a4800000| Untracked 
| 185|0x00000005a4a00000, 0x00000005a4a00000, 0x00000005a4c00000|  0%| F|  |TAMS 0x00000005a4a00000, 0x00000005a4a00000| Untracked 
| 186|0x00000005a4c00000, 0x00000005a4c00000, 0x00000005a4e00000|  0%| F|  |TAMS 0x00000005a4c00000, 0x00000005a4c00000| Untracked 
| 187|0x00000005a4e00000, 0x00000005a4e00000, 0x00000005a5000000|  0%| F|  |TAMS 0x00000005a4e00000, 0x00000005a4e00000| Untracked 
| 188|0x00000005a5000000, 0x00000005a5000000, 0x00000005a5200000|  0%| F|  |TAMS 0x00000005a5000000, 0x00000005a5000000| Untracked 
| 189|0x00000005a5200000, 0x00000005a5200000, 0x00000005a5400000|  0%| F|  |TAMS 0x00000005a5200000, 0x00000005a5200000| Untracked 
| 190|0x00000005a5400000, 0x00000005a5400000, 0x00000005a5600000|  0%| F|  |TAMS 0x00000005a5400000, 0x00000005a5400000| Untracked 
| 191|0x00000005a5600000, 0x00000005a5600000, 0x00000005a5800000|  0%| F|  |TAMS 0x00000005a5600000, 0x00000005a5600000| Untracked 
| 192|0x00000005a5800000, 0x00000005a5800000, 0x00000005a5a00000|  0%| F|  |TAMS 0x00000005a5800000, 0x00000005a5800000| Untracked 
| 193|0x00000005a5a00000, 0x00000005a5a00000, 0x00000005a5c00000|  0%| F|  |TAMS 0x00000005a5a00000, 0x00000005a5a00000| Untracked 
| 194|0x00000005a5c00000, 0x00000005a5c00000, 0x00000005a5e00000|  0%| F|  |TAMS 0x00000005a5c00000, 0x00000005a5c00000| Untracked 
| 195|0x00000005a5e00000, 0x00000005a5e00000, 0x00000005a6000000|  0%| F|  |TAMS 0x00000005a5e00000, 0x00000005a5e00000| Untracked 
| 196|0x00000005a6000000, 0x00000005a6000000, 0x00000005a6200000|  0%| F|  |TAMS 0x00000005a6000000, 0x00000005a6000000| Untracked 
| 197|0x00000005a6200000, 0x00000005a6200000, 0x00000005a6400000|  0%| F|  |TAMS 0x00000005a6200000, 0x00000005a6200000| Untracked 
| 198|0x00000005a6400000, 0x00000005a6400000, 0x00000005a6600000|  0%| F|  |TAMS 0x00000005a6400000, 0x00000005a6400000| Untracked 
| 199|0x00000005a6600000, 0x00000005a6600000, 0x00000005a6800000|  0%| F|  |TAMS 0x00000005a6600000, 0x00000005a6600000| Untracked 
| 200|0x00000005a6800000, 0x00000005a6800000, 0x00000005a6a00000|  0%| F|  |TAMS 0x00000005a6800000, 0x00000005a6800000| Untracked 
| 201|0x00000005a6a00000, 0x00000005a6a00000, 0x00000005a6c00000|  0%| F|  |TAMS 0x00000005a6a00000, 0x00000005a6a00000| Untracked 
| 202|0x00000005a6c00000, 0x00000005a6c00000, 0x00000005a6e00000|  0%| F|  |TAMS 0x00000005a6c00000, 0x00000005a6c00000| Untracked 
| 203|0x00000005a6e00000, 0x00000005a6e00000, 0x00000005a7000000|  0%| F|  |TAMS 0x00000005a6e00000, 0x00000005a6e00000| Untracked 
| 204|0x00000005a7000000, 0x00000005a7000000, 0x00000005a7200000|  0%| F|  |TAMS 0x00000005a7000000, 0x00000005a7000000| Untracked 
| 205|0x00000005a7200000, 0x00000005a7200000, 0x00000005a7400000|  0%| F|  |TAMS 0x00000005a7200000, 0x00000005a7200000| Untracked 
| 206|0x00000005a7400000, 0x00000005a7400000, 0x00000005a7600000|  0%| F|  |TAMS 0x00000005a7400000, 0x00000005a7400000| Untracked 
| 207|0x00000005a7600000, 0x00000005a7600000, 0x00000005a7800000|  0%| F|  |TAMS 0x00000005a7600000, 0x00000005a7600000| Untracked 
| 208|0x00000005a7800000, 0x00000005a7800000, 0x00000005a7a00000|  0%| F|  |TAMS 0x00000005a7800000, 0x00000005a7800000| Untracked 
| 209|0x00000005a7a00000, 0x00000005a7a00000, 0x00000005a7c00000|  0%| F|  |TAMS 0x00000005a7a00000, 0x00000005a7a00000| Untracked 
| 210|0x00000005a7c00000, 0x00000005a7c00000, 0x00000005a7e00000|  0%| F|  |TAMS 0x00000005a7c00000, 0x00000005a7c00000| Untracked 
| 211|0x00000005a7e00000, 0x00000005a7e00000, 0x00000005a8000000|  0%| F|  |TAMS 0x00000005a7e00000, 0x00000005a7e00000| Untracked 
| 212|0x00000005a8000000, 0x00000005a8000000, 0x00000005a8200000|  0%| F|  |TAMS 0x00000005a8000000, 0x00000005a8000000| Untracked 
| 213|0x00000005a8200000, 0x00000005a8200000, 0x00000005a8400000|  0%| F|  |TAMS 0x00000005a8200000, 0x00000005a8200000| Untracked 
| 214|0x00000005a8400000, 0x00000005a8400000, 0x00000005a8600000|  0%| F|  |TAMS 0x00000005a8400000, 0x00000005a8400000| Untracked 
| 215|0x00000005a8600000, 0x00000005a8600000, 0x00000005a8800000|  0%| F|  |TAMS 0x00000005a8600000, 0x00000005a8600000| Untracked 
| 216|0x00000005a8800000, 0x00000005a8800000, 0x00000005a8a00000|  0%| F|  |TAMS 0x00000005a8800000, 0x00000005a8800000| Untracked 
| 217|0x00000005a8a00000, 0x00000005a8a00000, 0x00000005a8c00000|  0%| F|  |TAMS 0x00000005a8a00000, 0x00000005a8a00000| Untracked 
| 218|0x00000005a8c00000, 0x00000005a8c00000, 0x00000005a8e00000|  0%| F|  |TAMS 0x00000005a8c00000, 0x00000005a8c00000| Untracked 
| 219|0x00000005a8e00000, 0x00000005a8e00000, 0x00000005a9000000|  0%| F|  |TAMS 0x00000005a8e00000, 0x00000005a8e00000| Untracked 
| 220|0x00000005a9000000, 0x00000005a9000000, 0x00000005a9200000|  0%| F|  |TAMS 0x00000005a9000000, 0x00000005a9000000| Untracked 
| 221|0x00000005a9200000, 0x00000005a9200000, 0x00000005a9400000|  0%| F|  |TAMS 0x00000005a9200000, 0x00000005a9200000| Untracked 
| 222|0x00000005a9400000, 0x00000005a9400000, 0x00000005a9600000|  0%| F|  |TAMS 0x00000005a9400000, 0x00000005a9400000| Untracked 
| 223|0x00000005a9600000, 0x00000005a9600000, 0x00000005a9800000|  0%| F|  |TAMS 0x00000005a9600000, 0x00000005a9600000| Untracked 
| 224|0x00000005a9800000, 0x00000005a9800000, 0x00000005a9a00000|  0%| F|  |TAMS 0x00000005a9800000, 0x00000005a9800000| Untracked 
| 225|0x00000005a9a00000, 0x00000005a9a00000, 0x00000005a9c00000|  0%| F|  |TAMS 0x00000005a9a00000, 0x00000005a9a00000| Untracked 
| 226|0x00000005a9c00000, 0x00000005a9c00000, 0x00000005a9e00000|  0%| F|  |TAMS 0x00000005a9c00000, 0x00000005a9c00000| Untracked 
| 227|0x00000005a9e00000, 0x00000005a9e00000, 0x00000005aa000000|  0%| F|  |TAMS 0x00000005a9e00000, 0x00000005a9e00000| Untracked 
| 228|0x00000005aa000000, 0x00000005aa000000, 0x00000005aa200000|  0%| F|  |TAMS 0x00000005aa000000, 0x00000005aa000000| Untracked 
| 229|0x00000005aa200000, 0x00000005aa200000, 0x00000005aa400000|  0%| F|  |TAMS 0x00000005aa200000, 0x00000005aa200000| Untracked 
| 230|0x00000005aa400000, 0x00000005aa400000, 0x00000005aa600000|  0%| F|  |TAMS 0x00000005aa400000, 0x00000005aa400000| Untracked 
| 231|0x00000005aa600000, 0x00000005aa600000, 0x00000005aa800000|  0%| F|  |TAMS 0x00000005aa600000, 0x00000005aa600000| Untracked 
| 232|0x00000005aa800000, 0x00000005aa800000, 0x00000005aaa00000|  0%| F|  |TAMS 0x00000005aa800000, 0x00000005aa800000| Untracked 
| 233|0x00000005aaa00000, 0x00000005aaadef80, 0x00000005aac00000| 43%| E|  |TAMS 0x00000005aaa00000, 0x00000005aaa00000| Complete 
| 234|0x00000005aac00000, 0x00000005aae00000, 0x00000005aae00000|100%| E|CS|TAMS 0x00000005aac00000, 0x00000005aac00000| Complete 
| 235|0x00000005aae00000, 0x00000005ab000000, 0x00000005ab000000|100%| E|CS|TAMS 0x00000005aae00000, 0x00000005aae00000| Complete 
| 236|0x00000005ab000000, 0x00000005ab200000, 0x00000005ab200000|100%| E|CS|TAMS 0x00000005ab000000, 0x00000005ab000000| Complete 
| 237|0x00000005ab200000, 0x00000005ab400000, 0x00000005ab400000|100%| E|CS|TAMS 0x00000005ab200000, 0x00000005ab200000| Complete 
| 238|0x00000005ab400000, 0x00000005ab600000, 0x00000005ab600000|100%| E|CS|TAMS 0x00000005ab400000, 0x00000005ab400000| Complete 
| 239|0x00000005ab600000, 0x00000005ab800000, 0x00000005ab800000|100%| E|CS|TAMS 0x00000005ab600000, 0x00000005ab600000| Complete 
| 240|0x00000005ab800000, 0x00000005aba00000, 0x00000005aba00000|100%| E|CS|TAMS 0x00000005ab800000, 0x00000005ab800000| Complete 
| 241|0x00000005aba00000, 0x00000005abc00000, 0x00000005abc00000|100%| E|CS|TAMS 0x00000005aba00000, 0x00000005aba00000| Complete 
| 242|0x00000005abc00000, 0x00000005abe00000, 0x00000005abe00000|100%| E|CS|TAMS 0x00000005abc00000, 0x00000005abc00000| Complete 
| 243|0x00000005abe00000, 0x00000005ac000000, 0x00000005ac000000|100%| E|CS|TAMS 0x00000005abe00000, 0x00000005abe00000| Complete 
| 244|0x00000005ac000000, 0x00000005ac200000, 0x00000005ac200000|100%| E|CS|TAMS 0x00000005ac000000, 0x00000005ac000000| Complete 
| 245|0x00000005ac200000, 0x00000005ac400000, 0x00000005ac400000|100%| E|CS|TAMS 0x00000005ac200000, 0x00000005ac200000| Complete 
| 246|0x00000005ac400000, 0x00000005ac600000, 0x00000005ac600000|100%| E|CS|TAMS 0x00000005ac400000, 0x00000005ac400000| Complete 
| 247|0x00000005ac600000, 0x00000005ac800000, 0x00000005ac800000|100%| E|CS|TAMS 0x00000005ac600000, 0x00000005ac600000| Complete 
| 248|0x00000005ac800000, 0x00000005aca00000, 0x00000005aca00000|100%| E|CS|TAMS 0x00000005ac800000, 0x00000005ac800000| Complete 

Card table byte_map: [0x000001e29f380000,0x000001e2a0720000] _byte_map_base: 0x000001e29c714000

Marking Bits (Prev, Next): (CMBitMap*) 0x000001e28b040df0, (CMBitMap*) 0x000001e28b040db8
 Prev Bits: [0x000001e2ab760000, 0x000001e2b5400000)
 Next Bits: [0x000001e2a1ac0000, 0x000001e2ab760000)

Polling page: 0x000001e288d50000

Metaspace:

Usage:
  Non-class:    138.57 MB capacity,   135.20 MB ( 98%) used,     2.78 MB (  2%) free+waste,   594.75 KB ( <1%) overhead. 
      Class:     20.97 MB capacity,    19.12 MB ( 91%) used,     1.59 MB (  8%) free+waste,   262.00 KB (  1%) overhead. 
       Both:    159.53 MB capacity,   154.32 MB ( 97%) used,     4.37 MB (  3%) free+waste,   856.75 KB ( <1%) overhead. 

Virtual space:
  Non-class space:      140.00 MB reserved,     138.75 MB (>99%) committed 
      Class space:        1.00 GB reserved,      21.00 MB (  2%) committed 
             Both:        1.14 GB reserved,     159.75 MB ( 14%) committed 

Chunk freelists:
   Non-Class:  61.00 KB
       Class:  2.00 KB
        Both:  63.00 KB

MaxMetaspaceSize: 17179869184.00 GB
CompressedClassSpaceSize: 1.00 GB

CodeHeap 'non-profiled nmethods': size=120000Kb used=23291Kb max_used=23291Kb free=96709Kb
 bounds [0x000001e296560000, 0x000001e297c30000, 0x000001e29da90000]
CodeHeap 'profiled nmethods': size=120000Kb used=64532Kb max_used=64532Kb free=55467Kb
 bounds [0x000001e28f030000, 0x000001e292f80000, 0x000001e296560000]
CodeHeap 'non-nmethods': size=5760Kb used=2427Kb max_used=2517Kb free=3332Kb
 bounds [0x000001e28ea90000, 0x000001e28ed10000, 0x000001e28f030000]
 total_blobs=28825 nmethods=27775 adapters=958
 compilation: enabled
              stopped_count=0, restarted_count=0
 full_count=0

Compilation events (20 events):
Event: 5331.103 Thread 0x000001e2b8b1b800 nmethod 32764 0x000001e291c40990 code [0x000001e291c40b40, 0x000001e291c40c98]
Event: 5331.103 Thread 0x000001e2b8b1b800 32769       2       com.android.tools.r8.internal.Tt::keySet (27 bytes)
Event: 5331.103 Thread 0x000001e2b8b1b800 nmethod 32769 0x000001e292f44e10 code [0x000001e292f44fc0, 0x000001e292f451f8]
Event: 5331.103 Thread 0x000001e2b8b1b800 32777       2       com.android.tools.r8.code.e2::<init> (7 bytes)
Event: 5331.103 Thread 0x000001e2b8b1b800 nmethod 32777 0x000001e292f45290 code [0x000001e292f45440, 0x000001e292f45598]
Event: 5331.103 Thread 0x000001e2b8b1b800 32779       2       com.android.tools.r8.code.W0::<init> (30 bytes)
Event: 5331.103 Thread 0x000001e2b8b1b800 nmethod 32779 0x000001e292f45690 code [0x000001e292f45860, 0x000001e292f45b58]
Event: 5331.103 Thread 0x000001e2b8b1b800 32778       2       com.android.tools.r8.code.U1::<init> (13 bytes)
Event: 5331.104 Thread 0x000001e2b8b1b800 nmethod 32778 0x000001e292f45d90 code [0x000001e292f45f40, 0x000001e292f46068]
Event: 5331.104 Thread 0x000001e2b8b1b800 32780       2       com.android.tools.r8.code.h2::<init> (7 bytes)
Event: 5331.104 Thread 0x000001e2b8b1b800 nmethod 32780 0x000001e292f46190 code [0x000001e292f46340, 0x000001e292f46498]
Event: 5331.104 Thread 0x000001e2b8b1b800 32781       2       com.android.tools.r8.graph.E$b$a::hashCode (16 bytes)
Event: 5331.104 Thread 0x000001e2b8b1b800 nmethod 32781 0x000001e292f46590 code [0x000001e292f46740, 0x000001e292f46888]
Event: 5331.104 Thread 0x000001e2b8b1b800 32783       2       com.android.tools.r8.dex.j::c (77 bytes)
Event: 5331.104 Thread 0x000001e2b8b1b800 nmethod 32783 0x000001e292f46990 code [0x000001e292f46ba0, 0x000001e292f47178]
Event: 5331.104 Thread 0x000001e2b8b1b800 32782       2       com.android.tools.r8.dex.j$$Lambda$3165/0x00000008011af440::get (8 bytes)
Event: 5331.105 Thread 0x000001e2b8b1b800 nmethod 32782 0x000001e292f47510 code [0x000001e292f476c0, 0x000001e292f477e8]
Event: 5331.105 Thread 0x000001e2b8b1b800 32785       2       com.android.tools.r8.code.h::<init> (7 bytes)
Event: 5331.105 Thread 0x000001e2b8b1b800 nmethod 32785 0x000001e292f47910 code [0x000001e292f47ae0, 0x000001e292f47d38]
Event: 5331.105 Thread 0x000001e2b8b1b800 32788       3       com.android.tools.r8.dex.j::e (654 bytes)

GC Heap History (20 events):
Event: 5329.037 GC heap before
{Heap before GC invocations=103 (full 0):
 garbage-first heap   total 313344K, used 256524K [0x000000058d800000, 0x0000000800000000)
  region size 2048K, 41 young (83968K), 4 survivors (8192K)
 Metaspace       used 157285K, capacity 162670K, committed 162816K, reserved 1189888K
  class space    used 19558K, capacity 21453K, committed 21504K, reserved 1048576K
}
Event: 5329.041 GC heap after
{Heap after GC invocations=104 (full 0):
 garbage-first heap   total 313344K, used 180588K [0x000000058d800000, 0x0000000800000000)
  region size 2048K, 1 young (2048K), 1 survivors (2048K)
 Metaspace       used 157285K, capacity 162670K, committed 162816K, reserved 1189888K
  class space    used 19558K, capacity 21453K, committed 21504K, reserved 1048576K
}
Event: 5329.074 GC heap before
{Heap before GC invocations=104 (full 0):
 garbage-first heap   total 313344K, used 192876K [0x000000058d800000, 0x0000000800000000)
  region size 2048K, 7 young (14336K), 1 survivors (2048K)
 Metaspace       used 157292K, capacity 162670K, committed 162816K, reserved 1189888K
  class space    used 19558K, capacity 21453K, committed 21504K, reserved 1048576K
}
Event: 5329.082 GC heap after
{Heap after GC invocations=105 (full 0):
 garbage-first heap   total 313344K, used 174734K [0x000000058d800000, 0x0000000800000000)
  region size 2048K, 1 young (2048K), 1 survivors (2048K)
 Metaspace       used 157292K, capacity 162670K, committed 162816K, reserved 1189888K
  class space    used 19558K, capacity 21453K, committed 21504K, reserved 1048576K
}
Event: 5329.302 GC heap before
{Heap before GC invocations=105 (full 0):
 garbage-first heap   total 313344K, used 256654K [0x000000058d800000, 0x0000000800000000)
  region size 2048K, 41 young (83968K), 1 survivors (2048K)
 Metaspace       used 157357K, capacity 162738K, committed 162816K, reserved 1189888K
  class space    used 19558K, capacity 21453K, committed 21504K, reserved 1048576K
}
Event: 5329.306 GC heap after
{Heap after GC invocations=106 (full 0):
 garbage-first heap   total 313344K, used 175521K [0x000000058d800000, 0x0000000800000000)
  region size 2048K, 1 young (2048K), 1 survivors (2048K)
 Metaspace       used 157357K, capacity 162738K, committed 162816K, reserved 1189888K
  class space    used 19558K, capacity 21453K, committed 21504K, reserved 1048576K
}
Event: 5329.565 GC heap before
{Heap before GC invocations=107 (full 0):
 garbage-first heap   total 313344K, used 259489K [0x000000058d800000, 0x0000000800000000)
  region size 2048K, 42 young (86016K), 1 survivors (2048K)
 Metaspace       used 157418K, capacity 162808K, committed 163072K, reserved 1191936K
  class space    used 19560K, capacity 21455K, committed 21504K, reserved 1048576K
}
Event: 5329.568 GC heap after
{Heap after GC invocations=108 (full 0):
 garbage-first heap   total 313344K, used 175243K [0x000000058d800000, 0x0000000800000000)
  region size 2048K, 1 young (2048K), 1 survivors (2048K)
 Metaspace       used 157418K, capacity 162808K, committed 163072K, reserved 1191936K
  class space    used 19560K, capacity 21455K, committed 21504K, reserved 1048576K
}
Event: 5329.604 GC heap before
{Heap before GC invocations=108 (full 0):
 garbage-first heap   total 313344K, used 187531K [0x000000058d800000, 0x0000000800000000)
  region size 2048K, 7 young (14336K), 1 survivors (2048K)
 Metaspace       used 157421K, capacity 162808K, committed 163072K, reserved 1191936K
  class space    used 19560K, capacity 21455K, committed 21504K, reserved 1048576K
}
Event: 5329.612 GC heap after
{Heap after GC invocations=109 (full 0):
 garbage-first heap   total 376832K, used 166123K [0x000000058d800000, 0x0000000800000000)
  region size 2048K, 1 young (2048K), 1 survivors (2048K)
 Metaspace       used 157421K, capacity 162808K, committed 163072K, reserved 1191936K
  class space    used 19560K, capacity 21455K, committed 21504K, reserved 1048576K
}
Event: 5329.833 GC heap before
{Heap before GC invocations=109 (full 0):
 garbage-first heap   total 376832K, used 205035K [0x000000058d800000, 0x0000000800000000)
  region size 2048K, 21 young (43008K), 1 survivors (2048K)
 Metaspace       used 157629K, capacity 163012K, committed 163072K, reserved 1191936K
  class space    used 19572K, capacity 21473K, committed 21504K, reserved 1048576K
}
Event: 5329.837 GC heap after
{Heap after GC invocations=110 (full 0):
 garbage-first heap   total 376832K, used 166695K [0x000000058d800000, 0x0000000800000000)
  region size 2048K, 1 young (2048K), 1 survivors (2048K)
 Metaspace       used 157629K, capacity 163012K, committed 163072K, reserved 1191936K
  class space    used 19572K, capacity 21473K, committed 21504K, reserved 1048576K
}
Event: 5330.226 GC heap before
{Heap before GC invocations=111 (full 0):
 garbage-first heap   total 376832K, used 232231K [0x000000058d800000, 0x0000000800000000)
  region size 2048K, 34 young (69632K), 1 survivors (2048K)
 Metaspace       used 157708K, capacity 163077K, committed 163328K, reserved 1191936K
  class space    used 19577K, capacity 21473K, committed 21504K, reserved 1048576K
}
Event: 5330.232 GC heap after
{Heap after GC invocations=112 (full 0):
 garbage-first heap   total 376832K, used 176809K [0x000000058d800000, 0x0000000800000000)
  region size 2048K, 5 young (10240K), 5 survivors (10240K)
 Metaspace       used 157708K, capacity 163077K, committed 163328K, reserved 1191936K
  class space    used 19577K, capacity 21473K, committed 21504K, reserved 1048576K
}
Event: 5330.669 GC heap before
{Heap before GC invocations=113 (full 0):
 garbage-first heap   total 376832K, used 291497K [0x000000058d800000, 0x0000000800000000)
  region size 2048K, 59 young (120832K), 5 survivors (10240K)
 Metaspace       used 157813K, capacity 163142K, committed 163328K, reserved 1191936K
  class space    used 19577K, capacity 21473K, committed 21504K, reserved 1048576K
}
Event: 5330.677 GC heap after
{Heap after GC invocations=114 (full 0):
 garbage-first heap   total 376832K, used 190625K [0x000000058d800000, 0x0000000800000000)
  region size 2048K, 7 young (14336K), 7 survivors (14336K)
 Metaspace       used 157813K, capacity 163142K, committed 163328K, reserved 1191936K
  class space    used 19577K, capacity 21473K, committed 21504K, reserved 1048576K
}
Event: 5330.683 GC heap before
{Heap before GC invocations=114 (full 0):
 garbage-first heap   total 376832K, used 194721K [0x000000058d800000, 0x0000000800000000)
  region size 2048K, 9 young (18432K), 7 survivors (14336K)
 Metaspace       used 157813K, capacity 163142K, committed 163328K, reserved 1191936K
  class space    used 19577K, capacity 21473K, committed 21504K, reserved 1048576K
}
Event: 5330.693 GC heap after
{Heap after GC invocations=115 (full 0):
 garbage-first heap   total 509952K, used 189869K [0x000000058d800000, 0x0000000800000000)
  region size 2048K, 1 young (2048K), 1 survivors (2048K)
 Metaspace       used 157813K, capacity 163142K, committed 163328K, reserved 1191936K
  class space    used 19577K, capacity 21473K, committed 21504K, reserved 1048576K
}
Event: 5330.733 GC heap before
{Heap before GC invocations=115 (full 0):
 garbage-first heap   total 509952K, used 208301K [0x000000058d800000, 0x0000000800000000)
  region size 2048K, 12 young (24576K), 1 survivors (2048K)
 Metaspace       used 157813K, capacity 163142K, committed 163328K, reserved 1191936K
  class space    used 19577K, capacity 21473K, committed 21504K, reserved 1048576K
}
Event: 5330.737 GC heap after
{Heap after GC invocations=116 (full 0):
 garbage-first heap   total 509952K, used 191046K [0x000000058d800000, 0x0000000800000000)
  region size 2048K, 2 young (4096K), 2 survivors (4096K)
 Metaspace       used 157813K, capacity 163142K, committed 163328K, reserved 1191936K
  class space    used 19577K, capacity 21473K, committed 21504K, reserved 1048576K
}

Deoptimization events (20 events):
Event: 5331.065 Thread 0x000001e2bc5d0800 DEOPT PACKING pc=0x000001e297a9e4fc sp=0x0000004a917fd430
Event: 5331.065 Thread 0x000001e2bc5d0800 DEOPT UNPACKING pc=0x000001e28eab7b2f sp=0x0000004a917fd3d0 mode 2
Event: 5331.065 Thread 0x000001e2be2d6000 DEOPT PACKING pc=0x000001e28fd2ca6d sp=0x0000004a90dfd010
Event: 5331.065 Thread 0x000001e2be2d6000 DEOPT UNPACKING pc=0x000001e28eab794e sp=0x0000004a90dfc538 mode 0
Event: 5331.068 Thread 0x000001e2be2d6000 DEOPT PACKING pc=0x000001e28fc62cf5 sp=0x0000004a90dfd060
Event: 5331.068 Thread 0x000001e2be2d6000 DEOPT UNPACKING pc=0x000001e28eab794e sp=0x0000004a90dfc600 mode 0
Event: 5331.075 Thread 0x000001e2be2d6000 DEOPT PACKING pc=0x000001e290128a4f sp=0x0000004a90dfd0f0
Event: 5331.075 Thread 0x000001e2be2d6000 DEOPT UNPACKING pc=0x000001e28eab794e sp=0x0000004a90dfc658 mode 0
Event: 5331.078 Thread 0x000001e2be2d6000 DEOPT PACKING pc=0x000001e290128a4f sp=0x0000004a90dfd0f0
Event: 5331.078 Thread 0x000001e2be2d6000 DEOPT UNPACKING pc=0x000001e28eab794e sp=0x0000004a90dfc658 mode 0
Event: 5331.082 Thread 0x000001e2be2d6000 DEOPT PACKING pc=0x000001e28fc332e1 sp=0x0000004a90dfcf90
Event: 5331.082 Thread 0x000001e2be2d6000 DEOPT UNPACKING pc=0x000001e28eab794e sp=0x0000004a90dfc558 mode 0
Event: 5331.088 Thread 0x000001e2be2d6000 DEOPT PACKING pc=0x000001e28fc332e1 sp=0x0000004a90dfcf90
Event: 5331.088 Thread 0x000001e2be2d6000 DEOPT UNPACKING pc=0x000001e28eab794e sp=0x0000004a90dfc558 mode 0
Event: 5331.092 Thread 0x000001e2be2d6000 DEOPT PACKING pc=0x000001e28fc332e1 sp=0x0000004a90dfcf90
Event: 5331.092 Thread 0x000001e2be2d6000 DEOPT UNPACKING pc=0x000001e28eab794e sp=0x0000004a90dfc558 mode 0
Event: 5331.105 Thread 0x000001e2cd5bc800 DEOPT PACKING pc=0x000001e292f35e51 sp=0x0000004a930fe400
Event: 5331.105 Thread 0x000001e2cd5bc800 DEOPT UNPACKING pc=0x000001e28eab794e sp=0x0000004a930fdac0 mode 0
Event: 5331.110 Thread 0x000001e2be2d6000 DEOPT PACKING pc=0x000001e28fcd89bd sp=0x0000004a90dfcc40
Event: 5331.110 Thread 0x000001e2be2d6000 DEOPT UNPACKING pc=0x000001e28eab794e sp=0x0000004a90dfc0d8 mode 0

Classes redefined (0 events):
No events

Internal exceptions (20 events):
Event: 5330.499 Thread 0x000001e2beada800 Exception <a 'sun/nio/fs/WindowsException'{0x00000005a1f70ad0}> (0x00000005a1f70ad0) thrown at [./src/hotspot/share/prims/jni.cpp, line 615]
Event: 5330.500 Thread 0x000001e2beada800 Exception <a 'sun/nio/fs/WindowsException'{0x00000005a1f7a640}> (0x00000005a1f7a640) thrown at [./src/hotspot/share/prims/jni.cpp, line 615]
Event: 5330.502 Thread 0x000001e2beada800 Exception <a 'sun/nio/fs/WindowsException'{0x00000005a1f86168}> (0x00000005a1f86168) thrown at [./src/hotspot/share/prims/jni.cpp, line 615]
Event: 5330.507 Thread 0x000001e2beada800 Exception <a 'sun/nio/fs/WindowsException'{0x00000005a1c19858}> (0x00000005a1c19858) thrown at [./src/hotspot/share/prims/jni.cpp, line 615]
Event: 5330.507 Thread 0x000001e2beada800 Exception <a 'sun/nio/fs/WindowsException'{0x00000005a1c1aaa8}> (0x00000005a1c1aaa8) thrown at [./src/hotspot/share/prims/jni.cpp, line 615]
Event: 5330.510 Thread 0x000001e2beada800 Exception <a 'sun/nio/fs/WindowsException'{0x00000005a1c3b758}> (0x00000005a1c3b758) thrown at [./src/hotspot/share/prims/jni.cpp, line 615]
Event: 5330.516 Thread 0x000001e2beada800 Exception <a 'sun/nio/fs/WindowsException'{0x00000005a1cab880}> (0x00000005a1cab880) thrown at [./src/hotspot/share/prims/jni.cpp, line 615]
Event: 5330.617 Thread 0x000001e2beada800 Exception <a 'sun/nio/fs/WindowsException'{0x00000005a14b42e0}> (0x00000005a14b42e0) thrown at [./src/hotspot/share/prims/jni.cpp, line 615]
Event: 5330.621 Thread 0x000001e2be2d6000 Exception <a 'sun/nio/fs/WindowsException'{0x00000005a151a2f8}> (0x00000005a151a2f8) thrown at [./src/hotspot/share/prims/jni.cpp, line 615]
Event: 5330.623 Thread 0x000001e2baa63800 Exception <a 'sun/nio/fs/WindowsException'{0x00000005a1015a78}> (0x00000005a1015a78) thrown at [./src/hotspot/share/prims/jni.cpp, line 615]
Event: 5330.640 Thread 0x000001e2be2d6000 Exception <a 'sun/nio/fs/WindowsException'{0x000000059f55abf0}> (0x000000059f55abf0) thrown at [./src/hotspot/share/prims/jni.cpp, line 615]
Event: 5330.644 Thread 0x000001e2baa63800 Exception <a 'sun/nio/fs/WindowsException'{0x000000059e967578}> (0x000000059e967578) thrown at [./src/hotspot/share/prims/jni.cpp, line 615]
Event: 5330.645 Thread 0x000001e2baa63800 Exception <a 'sun/nio/fs/WindowsException'{0x000000059e96e598}> (0x000000059e96e598) thrown at [./src/hotspot/share/prims/jni.cpp, line 615]
Event: 5330.646 Thread 0x000001e2baa63800 Exception <a 'sun/nio/fs/WindowsException'{0x000000059e489e58}> (0x000000059e489e58) thrown at [./src/hotspot/share/prims/jni.cpp, line 615]
Event: 5330.800 Thread 0x000001e2bc5d0800 Exception <a 'sun/nio/fs/WindowsException'{0x00000005abb90698}> (0x00000005abb90698) thrown at [./src/hotspot/share/prims/jni.cpp, line 615]
Event: 5330.966 Thread 0x000001e2c534a000 Exception <a 'sun/nio/fs/WindowsException'{0x00000005a8174930}> (0x00000005a8174930) thrown at [./src/hotspot/share/prims/jni.cpp, line 615]
Event: 5330.967 Thread 0x000001e2c534c800 Exception <a 'sun/nio/fs/WindowsException'{0x00000005aab114a8}> (0x00000005aab114a8) thrown at [./src/hotspot/share/prims/jni.cpp, line 615]
Event: 5330.971 Thread 0x000001e2be2d6000 Exception <a 'sun/nio/fs/WindowsException'{0x00000005a80ba620}> (0x00000005a80ba620) thrown at [./src/hotspot/share/prims/jni.cpp, line 615]
Event: 5330.972 Thread 0x000001e2c534c800 Exception <a 'sun/nio/fs/WindowsException'{0x00000005a78b0bc0}> (0x00000005a78b0bc0) thrown at [./src/hotspot/share/prims/jni.cpp, line 615]
Event: 5330.974 Thread 0x000001e2c534a000 Exception <a 'sun/nio/fs/WindowsException'{0x00000005a7960bf0}> (0x00000005a7960bf0) thrown at [./src/hotspot/share/prims/jni.cpp, line 615]

Events (20 events):
Event: 5331.071 Executing VM operation: RevokeBias
Event: 5331.071 Thread 0x000001e2baa61000 Thread added: 0x000001e2baa61000
Event: 5331.071 Executing VM operation: RevokeBias done
Event: 5331.071 Executing VM operation: RevokeBias
Event: 5331.071 Executing VM operation: RevokeBias done
Event: 5331.071 Executing VM operation: RevokeBias
Event: 5331.072 Executing VM operation: RevokeBias done
Event: 5331.072 Thread 0x000001e2cd5bd000 Thread added: 0x000001e2cd5bd000
Event: 5331.072 Executing VM operation: RevokeBias
Event: 5331.072 Thread 0x000001e2cd5bf800 Thread added: 0x000001e2cd5bf800
Event: 5331.072 Executing VM operation: RevokeBias done
Event: 5331.072 Thread 0x000001e2cd5c1000 Thread added: 0x000001e2cd5c1000
Event: 5331.072 Thread 0x000001e2cd5bc800 Thread added: 0x000001e2cd5bc800
Event: 5331.073 Thread 0x000001e2cd5bb800 Thread added: 0x000001e2cd5bb800
Event: 5331.074 loading class com/android/tools/r8/internal/Rg
Event: 5331.074 loading class com/android/tools/r8/internal/Rg done
Event: 5331.075 Executing VM operation: RevokeBias
Event: 5331.075 Executing VM operation: RevokeBias done
Event: 5331.085 Executing VM operation: BulkRevokeBias
Event: 5331.087 Executing VM operation: BulkRevokeBias done


Dynamic libraries:
0x00007ff6c6480000 - 0x00007ff6c648a000 	D:\AndroidStudio\jre\bin\java.exe
0x00007ff91a500000 - 0x00007ff91a709000 	C:\WINDOWS\SYSTEM32\ntdll.dll
0x00007ff918c20000 - 0x00007ff918cde000 	C:\WINDOWS\System32\KERNEL32.DLL
0x00007ff917b80000 - 0x00007ff917efb000 	C:\WINDOWS\System32\KERNELBASE.dll
0x00007ff9180a0000 - 0x00007ff9181b1000 	C:\WINDOWS\System32\ucrtbase.dll
0x00007ff9044e0000 - 0x00007ff9044f7000 	D:\AndroidStudio\jre\bin\VCRUNTIME140.dll
0x00007ff8fbd20000 - 0x00007ff8fbd39000 	D:\AndroidStudio\jre\bin\jli.dll
0x00007ff918660000 - 0x00007ff91880d000 	C:\WINDOWS\System32\USER32.dll
0x00007ff918070000 - 0x00007ff918096000 	C:\WINDOWS\System32\win32u.dll
0x00007ff9094f0000 - 0x00007ff909795000 	C:\WINDOWS\WinSxS\amd64_microsoft.windows.common-controls_6595b64144ccf1df_6.0.22000.120_none_9d947278b86cc467\COMCTL32.dll
0x00007ff918bf0000 - 0x00007ff918c19000 	C:\WINDOWS\System32\GDI32.dll
0x00007ff9184e0000 - 0x00007ff918583000 	C:\WINDOWS\System32\msvcrt.dll
0x00007ff918260000 - 0x00007ff918378000 	C:\WINDOWS\System32\gdi32full.dll
0x00007ff9181c0000 - 0x00007ff91825d000 	C:\WINDOWS\System32\msvcp_win.dll
0x00007ff9185a0000 - 0x00007ff9185d2000 	C:\WINDOWS\System32\IMM32.DLL
0x00007ff8e9030000 - 0x00007ff8e90cd000 	D:\AndroidStudio\jre\bin\msvcp140.dll
0x00007ff8c9040000 - 0x00007ff8c9b0f000 	D:\AndroidStudio\jre\bin\server\jvm.dll
0x00007ff918820000 - 0x00007ff9188ce000 	C:\WINDOWS\System32\ADVAPI32.dll
0x00007ff918990000 - 0x00007ff918a2e000 	C:\WINDOWS\System32\sechost.dll
0x00007ff9183c0000 - 0x00007ff9184e0000 	C:\WINDOWS\System32\RPCRT4.dll
0x00007ff918590000 - 0x00007ff918598000 	C:\WINDOWS\System32\PSAPI.DLL
0x00007ff908440000 - 0x00007ff908449000 	C:\WINDOWS\SYSTEM32\WSOCK32.dll
0x00007ff912550000 - 0x00007ff912583000 	C:\WINDOWS\SYSTEM32\WINMM.dll
0x00007ff911240000 - 0x00007ff91124a000 	C:\WINDOWS\SYSTEM32\VERSION.dll
0x00007ff9196e0000 - 0x00007ff91974f000 	C:\WINDOWS\System32\WS2_32.dll
0x00007ff916a50000 - 0x00007ff916a68000 	C:\WINDOWS\SYSTEM32\kernel.appcore.dll
0x00007ff90e090000 - 0x00007ff90e0a1000 	D:\AndroidStudio\jre\bin\verify.dll
0x00007ff9154e0000 - 0x00007ff915701000 	C:\WINDOWS\SYSTEM32\DBGHELP.DLL
0x00007ff90eea0000 - 0x00007ff90eed1000 	C:\WINDOWS\SYSTEM32\dbgcore.DLL
0x00007ff917b00000 - 0x00007ff917b7f000 	C:\WINDOWS\System32\bcryptPrimitives.dll
0x00007ff90da80000 - 0x00007ff90daa9000 	D:\AndroidStudio\jre\bin\java.dll
0x00007ff9126b0000 - 0x00007ff9126bb000 	D:\AndroidStudio\jre\bin\jimage.dll
0x00007ff90df20000 - 0x00007ff90df38000 	D:\AndroidStudio\jre\bin\zip.dll
0x00007ff919800000 - 0x00007ff919fb7000 	C:\WINDOWS\System32\SHELL32.dll
0x00007ff915ac0000 - 0x00007ff916325000 	C:\WINDOWS\SYSTEM32\windows.storage.dll
0x00007ff919fc0000 - 0x00007ff91a338000 	C:\WINDOWS\System32\combase.dll
0x00007ff915950000 - 0x00007ff915ab6000 	C:\WINDOWS\SYSTEM32\wintypes.dll
0x00007ff918ce0000 - 0x00007ff918dca000 	C:\WINDOWS\System32\SHCORE.dll
0x00007ff918930000 - 0x00007ff91898d000 	C:\WINDOWS\System32\shlwapi.dll
0x00007ff917900000 - 0x00007ff917921000 	C:\WINDOWS\SYSTEM32\profapi.dll
0x00007ff90da60000 - 0x00007ff90da7a000 	D:\AndroidStudio\jre\bin\net.dll
0x00007ff911960000 - 0x00007ff911a74000 	C:\WINDOWS\SYSTEM32\WINHTTP.dll
0x00007ff916f60000 - 0x00007ff916fc7000 	C:\WINDOWS\system32\mswsock.dll
0x00007ff90d940000 - 0x00007ff90d954000 	D:\AndroidStudio\jre\bin\nio.dll
0x00007ff9046d0000 - 0x00007ff9046f7000 	C:\Users\aleja\.gradle\native\8bec1ad78214c89d9ad589b4d07fe93259594b29d510b10fafb7a158f7737e5d\windows-amd64\native-platform.dll
0x00007ff8d19b0000 - 0x00007ff8d1aed000 	C:\Users\aleja\.gradle\native\53dbd7edfb1c66fb8903c78663c9afc45aea4f116125fa6feffd364cf09443e8\windows-amd64\native-platform-file-events.dll
0x00007ff90ede0000 - 0x00007ff90edea000 	D:\AndroidStudio\jre\bin\management.dll
0x00007ff90d930000 - 0x00007ff90d93c000 	D:\AndroidStudio\jre\bin\management_ext.dll
0x00007ff917220000 - 0x00007ff917238000 	C:\WINDOWS\SYSTEM32\CRYPTSP.dll
0x00007ff9169b0000 - 0x00007ff9169e5000 	C:\WINDOWS\system32\rsaenh.dll
0x00007ff917080000 - 0x00007ff9170a9000 	C:\WINDOWS\SYSTEM32\USERENV.dll
0x00007ff9173b0000 - 0x00007ff9173d7000 	C:\WINDOWS\SYSTEM32\bcrypt.dll
0x00007ff917240000 - 0x00007ff91724c000 	C:\WINDOWS\SYSTEM32\CRYPTBASE.dll
0x00007ff916580000 - 0x00007ff9165ad000 	C:\WINDOWS\SYSTEM32\IPHLPAPI.DLL
0x00007ff9183b0000 - 0x00007ff9183b9000 	C:\WINDOWS\System32\NSI.dll
0x00007ff9125a0000 - 0x00007ff9125b9000 	C:\WINDOWS\SYSTEM32\dhcpcsvc6.DLL
0x00007ff912930000 - 0x00007ff91294e000 	C:\WINDOWS\SYSTEM32\dhcpcsvc.DLL
0x00007ff9165b0000 - 0x00007ff916698000 	C:\WINDOWS\SYSTEM32\DNSAPI.dll
0x00007ff90d840000 - 0x00007ff90d867000 	D:\AndroidStudio\jre\bin\sunec.dll
0x00007ff90f670000 - 0x00007ff90f67a000 	C:\Windows\System32\rasadhlp.dll
0x00007ff910c00000 - 0x00007ff910c81000 	C:\WINDOWS\System32\fwpuclnt.dll
0x00007ff916ae0000 - 0x00007ff916b14000 	C:\WINDOWS\SYSTEM32\ntmarta.dll

dbghelp: loaded successfully - version: 4.0.5 - missing functions: none
symbol engine: initialized successfully - sym options: 0x614 - pdb path: .;D:\AndroidStudio\jre\bin;C:\WINDOWS\SYSTEM32;C:\WINDOWS\WinSxS\amd64_microsoft.windows.common-controls_6595b64144ccf1df_6.0.22000.120_none_9d947278b86cc467;D:\AndroidStudio\jre\bin\server;C:\Users\aleja\.gradle\native\8bec1ad78214c89d9ad589b4d07fe93259594b29d510b10fafb7a158f7737e5d\windows-amd64;C:\Users\aleja\.gradle\native\53dbd7edfb1c66fb8903c78663c9afc45aea4f116125fa6feffd364cf09443e8\windows-amd64

VM Arguments:
jvm_args: --add-opens=java.base/java.util=ALL-UNNAMED --add-opens=java.base/java.lang=ALL-UNNAMED --add-opens=java.base/java.lang.invoke=ALL-UNNAMED --add-opens=java.base/java.util=ALL-UNNAMED --add-opens=java.prefs/java.util.prefs=ALL-UNNAMED --add-opens=java.prefs/java.util.prefs=ALL-UNNAMED --add-opens=java.base/java.nio.charset=ALL-UNNAMED --add-opens=java.base/java.net=ALL-UNNAMED --add-opens=java.base/java.util.concurrent.atomic=ALL-UNNAMED -Xmx2048m -Dfile.encoding=UTF-8 -Duser.country=ES -Duser.language=es -Duser.variant -Xmx10024M 
java_command: org.gradle.launcher.daemon.bootstrap.GradleDaemon 7.0.2
java_class_path (initial): C:\Users\aleja\.gradle\wrapper\dists\gradle-7.0.2-bin\857tjihv64xamwrf0h14cai3r\gradle-7.0.2\lib\gradle-launcher-7.0.2.jar
Launcher Type: SUN_STANDARD

[Global flags]
     intx CICompilerCount                          = 4                                         {product} {ergonomic}
     uint ConcGCThreads                            = 3                                         {product} {ergonomic}
     uint G1ConcRefinementThreads                  = 10                                        {product} {ergonomic}
   size_t G1HeapRegionSize                         = 2097152                                   {product} {ergonomic}
    uintx GCDrainStackTargetSize                   = 64                                        {product} {ergonomic}
   size_t InitialHeapSize                          = 266338304                                 {product} {ergonomic}
   size_t MarkStackSize                            = 4194304                                   {product} {ergonomic}
   size_t MaxHeapSize                              = 10510925824                               {product} {command line}
   size_t MaxNewSize                               = 6306136064                                {product} {ergonomic}
   size_t MinHeapDeltaBytes                        = 2097152                                   {product} {ergonomic}
    uintx NonNMethodCodeHeapSize                   = 5836300                                {pd product} {ergonomic}
    uintx NonProfiledCodeHeapSize                  = 122910970                              {pd product} {ergonomic}
    uintx ProfiledCodeHeapSize                     = 122910970                              {pd product} {ergonomic}
    uintx ReservedCodeCacheSize                    = 251658240                              {pd product} {ergonomic}
     bool SegmentedCodeCache                       = true                                      {product} {ergonomic}
     bool UseCompressedClassPointers               = true                                 {lp64_product} {ergonomic}
     bool UseCompressedOops                        = true                                 {lp64_product} {ergonomic}
     bool UseG1GC                                  = true                                      {product} {ergonomic}
     bool UseLargePagesIndividualAllocation        = false                                  {pd product} {ergonomic}

Logging:
Log output configuration:
 #0: stdout all=warning uptime,level,tags
 #1: stderr all=off uptime,level,tags

Environment Variables:
JAVA_HOME=C:\Program Files\Java\jdk1.7.0_80
JRE_HOME=C:\Program Files\Java\jdk1.7.0_80
_JAVA_OPTIONS=-Xmx10024M
PATH=C:\Program Files (x86)\Common Files\Oracle\Java\javapath;C:\oraclexe\app\oracle\product\11.2.0\server\bin;;C:\Windows\system32;C:\Windows;C:\Windows\System32\Wbem;C:\Windows\System32\WindowsPowerShell\v1.0\;C:\Windows\System32\OpenSSH\;C:\Program Files (x86)\NVIDIA Corporation\PhysX\Common;C:\WINDOWS\system32;C:\WINDOWS;C:\WINDOWS\System32\Wbem;C:\WINDOWS\System32\WindowsPowerShell\v1.0\;C:\WINDOWS\System32\OpenSSH\;C:\Program Files\PuTTY\;C:\HashiCorp\Vagrant\bin;C:\Program Files\MySQL\MySQL Shell 8.0\bin\;C:\Users\aleja\AppData\Local\Microsoft\WindowsApps;D:\Microsoft VS Code\bin;C:\Users\aleja\AppData\Local\GitHubDesktop\bin
USERNAME=aleja
OS=Windows_NT
PROCESSOR_IDENTIFIER=Intel64 Family 6 Model 158 Stepping 10, GenuineIntel



---------------  S Y S T E M  ---------------

OS: Windows 10 , 64 bit Build 22000 (10.0.22000.1219)
OS uptime: 2 days 2:23 hours

CPU:total 12 (initial active 12) (6 cores per cpu, 2 threads per core) family 6 model 158 stepping 10 microcode 0xde, cmov, cx8, fxsr, mmx, sse, sse2, sse3, ssse3, sse4.1, sse4.2, popcnt, avx, avx2, aes, clmul, erms, 3dnowpref, lzcnt, ht, tsc, tscinvbit, bmi1, bmi2, adx, fma

Memory: 4k page, system-wide physical 16234M (1817M free)
TotalPageFile size 22395M (AvailPageFile size 5M)
current process WorkingSet (physical memory assigned to process): 908M, peak: 908M
current process commit charge ("private bytes"): 1029M, peak: 1031M

vm_info: OpenJDK 64-Bit Server VM (11.0.10+0-b96-7249189) for windows-amd64 JRE (11.0.10+0-b96-7249189), built on Mar 31 2021 21:44:00 by "builder" with MS VC++ 14.0 (VS2015)

END.
